!SESSION 2016-09-20 13:29:47.782 -----------------------------------------------
eclipse.buildId=unknown
java.version=1.8.0_101
java.vendor=Oracle Corporation
BootLoader constants: OS=win32, ARCH=x86_64, WS=win32, NL=en_CA
Framework arguments:  -application PADL_Creator_Cpp_Eclipse.Launcher -directoryCPPFiles=../PADL Creator C++ (Eclipse) Tests/data/Classes/ -directoryPtidej=D:/Shared/Dropbox/Ptidej Workspaces/v5.2/
Command-line arguments:  -application PADL_Creator_Cpp_Eclipse.Launcher -data D:/Shared/Dropbox/Ptidej Workspaces/v5.2/PADL Creator C++ (Eclipse) Helper/Runtime Workspace/ -configuration file:D:/Shared/Dropbox/Ptidej Workspaces/v5.2/PADL Creator C++ (Eclipse) Helper/Configuration Area/ -dev file:D:/Shared/Dropbox/Ptidej Workspaces/v5.2/PADL Creator C++ (Eclipse) Helper/Configuration Area/dev.properties -directoryCPPFiles=../PADL Creator C++ (Eclipse) Tests/data/Classes/ -directoryPtidej=D:/Shared/Dropbox/Ptidej Workspaces/v5.2/

!ENTRY org.eclipse.osgi 4 0 2016-09-20 13:29:47.783
!MESSAGE Bundle reference:file:D:/Shared/Dropbox/Ptidej Workspaces/v5.2/plugins/PADL_Creator_Cpp_Eclipse_1.5.0.jar not found.

!ENTRY PADL_Creator_Cpp_Eclipse 2 0 2016-09-20 13:29:48.683
!MESSAGE Could not resolve module: PADL_Creator_Cpp_Eclipse [84]
  Unresolved requirement: Require-Bundle: PADL_Creator_Cpp_Eclipse_CDT; bundle-version="1.0.0"


!ENTRY org.eclipse.osgi 4 0 2016-09-20 13:29:48.684
!MESSAGE Application error
!STACK 1
java.lang.RuntimeException: Application "PADL_Creator_Cpp_Eclipse.Launcher" could not be found in the registry. The applications available are: org.eclipse.cdt.managedbuilder.core.headlessbuild, org.eclipse.jdt.core.JavaCodeFormatter, org.eclipse.jdt.core.JavaIndexer, org.eclipse.e4.ui.workbench.swt.E4Application, org.eclipse.e4.ui.workbench.swt.GenTopic, org.eclipse.ant.core.antRunner, org.eclipse.cdt.core.GeneratePDOM, org.eclipse.equinox.app.error.
	at org.eclipse.equinox.internal.app.EclipseAppContainer.startDefaultApp(EclipseAppContainer.java:248)
	at org.eclipse.equinox.internal.app.MainApplicationLauncher.run(MainApplicationLauncher.java:29)
	at org.eclipse.core.runtime.internal.adaptor.EclipseAppLauncher.runApplication(EclipseAppLauncher.java:134)
	at org.eclipse.core.runtime.internal.adaptor.EclipseAppLauncher.start(EclipseAppLauncher.java:104)
	at org.eclipse.core.runtime.adaptor.EclipseStarter.run(EclipseStarter.java:388)
	at org.eclipse.core.runtime.adaptor.EclipseStarter.run(EclipseStarter.java:243)
	at padl.creator.cppfile.eclipse.misc.EclipseCPPParserCaller.createCodeLevelModelUsingOSGiEmbedded(EclipseCPPParserCaller.java:123)
	at padl.creator.cppfile.eclipse.CPPCreator.create(CPPCreator.java:28)
	at padl.kernel.impl.CodeLevelModel.create(CodeLevelModel.java:41)
	at padl.generator.helper.ModelGenerator.generateModelFromCppFilesUsingEclipse(ModelGenerator.java:286)
	at padl.generator.helper.ModelGenerator.generateModelFromCppFilesUsingEclipse(ModelGenerator.java:298)
	at padl.creator.cppfile.eclipse.test.simple.ClassesTest.test1(ClassesTest.java:25)
	at sun.reflect.NativeMethodAccessorImpl.invoke0(Native Method)
	at sun.reflect.NativeMethodAccessorImpl.invoke(Unknown Source)
	at sun.reflect.DelegatingMethodAccessorImpl.invoke(Unknown Source)
	at java.lang.reflect.Method.invoke(Unknown Source)
	at junit.framework.TestCase.runTest(TestCase.java:176)
	at junit.framework.TestCase.runBare(TestCase.java:141)
	at junit.framework.TestResult$1.protect(TestResult.java:122)
	at junit.framework.TestResult.runProtected(TestResult.java:142)
	at junit.framework.TestResult.run(TestResult.java:125)
	at junit.framework.TestCase.run(TestCase.java:129)
	at junit.framework.TestSuite.runTest(TestSuite.java:252)
	at junit.framework.TestSuite.run(TestSuite.java:247)
	at org.eclipse.jdt.internal.junit.runner.junit3.JUnit3TestReference.run(JUnit3TestReference.java:121)
	at org.eclipse.jdt.internal.junit.runner.TestExecution.run(TestExecution.java:38)
	at org.eclipse.jdt.internal.junit.runner.RemoteTestRunner.runTests(RemoteTestRunner.java:459)
	at org.eclipse.jdt.internal.junit.runner.RemoteTestRunner.runTests(RemoteTestRunner.java:678)
	at org.eclipse.jdt.internal.junit.runner.RemoteTestRunner.run(RemoteTestRunner.java:382)
	at org.eclipse.jdt.internal.junit.runner.RemoteTestRunner.main(RemoteTestRunner.java:192)
