!SESSION 2016-09-19 23:52:05.257 -----------------------------------------------
eclipse.buildId=unknown
java.version=1.8.0_101
java.vendor=Oracle Corporation
BootLoader constants: OS=win32, ARCH=x86_64, WS=win32, NL=en_CA
Framework arguments:  -application PADL_Creator_Cpp_Eclipse.Launcher -directoryCPPFiles=../PADL Creator C++ (Eclipse) Tests/data/Classes/ -directoryPtidej=D:/Shared/Dropbox/Ptidej Workspaces/v5.2/
Command-line arguments:  -application PADL_Creator_Cpp_Eclipse.Launcher -data D:/Shared/Dropbox/Ptidej Workspaces/v5.2/PADL Creator C++ (Eclipse) Helper/Runtime Workspace/ -configuration file:D:/Shared/Dropbox/Ptidej Workspaces/v5.2/PADL Creator C++ (Eclipse) Helper/Configuration Area/ -dev file:D:/Shared/Dropbox/Ptidej Workspaces/v5.2/PADL Creator C++ (Eclipse) Helper/Configuration Area/dev.properties -directoryCPPFiles=../PADL Creator C++ (Eclipse) Tests/data/Classes/ -directoryPtidej=D:/Shared/Dropbox/Ptidej Workspaces/v5.2/

!ENTRY org.eclipse.osgi 4 0 2016-09-19 23:52:05.259
!MESSAGE Bundle reference:file:D:/Shared/Dropbox/Ptidej Workspaces/v5.2/plugins/PADL_Creator_Cpp_Eclipse_1.5.0.jar not found.

!ENTRY org.eclipse.osgi 4 0 2016-09-19 23:52:05.984
!MESSAGE Application error
!STACK 1
java.lang.NoClassDefFoundError: org/eclipse/cdt/core/dom/ast/IASTStatement
	at padl.creator.cppfile.eclipse.plugin.actions.Launcher.prepareTargetCPPFiles(Launcher.java:173)
	at padl.creator.cppfile.eclipse.plugin.actions.Launcher.start(Launcher.java:223)
	at padl.creator.cppfile.eclipse.plugin.actions.Launcher.start(Launcher.java:190)
	at org.eclipse.equinox.internal.app.EclipseAppHandle.run(EclipseAppHandle.java:196)
	at org.eclipse.core.runtime.internal.adaptor.EclipseAppLauncher.runApplication(EclipseAppLauncher.java:134)
	at org.eclipse.core.runtime.internal.adaptor.EclipseAppLauncher.start(EclipseAppLauncher.java:104)
	at org.eclipse.core.runtime.adaptor.EclipseStarter.run(EclipseStarter.java:388)
	at org.eclipse.core.runtime.adaptor.EclipseStarter.run(EclipseStarter.java:243)
	at padl.creator.cppfile.eclipse.misc.EclipseCPPParserCaller.createCodeLevelModelUsingOSGiEmbedded(EclipseCPPParserCaller.java:123)
	at padl.creator.cppfile.eclipse.CPPCreator.create(CPPCreator.java:28)
	at padl.kernel.impl.CodeLevelModel.create(CodeLevelModel.java:41)
	at padl.generator.helper.ModelGenerator.generateModelFromCppFilesUsingEclipse(ModelGenerator.java:286)
	at padl.generator.helper.ModelGenerator.generateModelFromCppFilesUsingEclipse(ModelGenerator.java:298)
	at padl.creator.cppfile.eclipse.test.simple.ClassesTest.test1(ClassesTest.java:25)
	at sun.reflect.NativeMethodAccessorImpl.invoke0(Native Method)
	at sun.reflect.NativeMethodAccessorImpl.invoke(Unknown Source)
	at sun.reflect.DelegatingMethodAccessorImpl.invoke(Unknown Source)
	at java.lang.reflect.Method.invoke(Unknown Source)
	at junit.framework.TestCase.runTest(TestCase.java:176)
	at junit.framework.TestCase.runBare(TestCase.java:141)
	at junit.framework.TestResult$1.protect(TestResult.java:122)
	at junit.framework.TestResult.runProtected(TestResult.java:142)
	at junit.framework.TestResult.run(TestResult.java:125)
	at junit.framework.TestCase.run(TestCase.java:129)
	at junit.framework.TestSuite.runTest(TestSuite.java:252)
	at junit.framework.TestSuite.run(TestSuite.java:247)
	at org.eclipse.jdt.internal.junit.runner.junit3.JUnit3TestReference.run(JUnit3TestReference.java:121)
	at org.eclipse.jdt.internal.junit.runner.TestExecution.run(TestExecution.java:38)
	at org.eclipse.jdt.internal.junit.runner.RemoteTestRunner.runTests(RemoteTestRunner.java:459)
	at org.eclipse.jdt.internal.junit.runner.RemoteTestRunner.runTests(RemoteTestRunner.java:678)
	at org.eclipse.jdt.internal.junit.runner.RemoteTestRunner.run(RemoteTestRunner.java:382)
	at org.eclipse.jdt.internal.junit.runner.RemoteTestRunner.main(RemoteTestRunner.java:192)
Caused by: java.lang.ClassNotFoundException: org.eclipse.cdt.core.dom.ast.IASTStatement cannot be found by PADL_Creator_Cpp_Eclipse_1.5.0
	at org.eclipse.osgi.internal.loader.BundleLoader.findClassInternal(BundleLoader.java:448)
	at org.eclipse.osgi.internal.loader.BundleLoader.findClass(BundleLoader.java:361)
	at org.eclipse.osgi.internal.loader.BundleLoader.findClass(BundleLoader.java:353)
	at org.eclipse.osgi.internal.loader.ModuleClassLoader.loadClass(ModuleClassLoader.java:161)
	at java.lang.ClassLoader.loadClass(Unknown Source)
	... 32 more
