!SESSION 2016-09-19 23:51:01.346 -----------------------------------------------
eclipse.buildId=unknown
java.version=1.8.0_101
java.vendor=Oracle Corporation
BootLoader constants: OS=win32, ARCH=x86_64, WS=win32, NL=en_CA
Framework arguments:  -application PADL_Creator_Cpp_Eclipse.Launcher -directoryCPPFiles=../SAD Tests/data/QMake/ -directoryPtidej=D:/Shared/Dropbox/Ptidej Workspaces/v5.2/
Command-line arguments:  -application PADL_Creator_Cpp_Eclipse.Launcher -data D:/Shared/Dropbox/Ptidej Workspaces/v5.2/PADL Creator C++ (Eclipse) Helper/Runtime Workspace/ -configuration file:D:/Shared/Dropbox/Ptidej Workspaces/v5.2/PADL Creator C++ (Eclipse) Helper/Configuration Area/ -dev file:D:/Shared/Dropbox/Ptidej Workspaces/v5.2/PADL Creator C++ (Eclipse) Helper/Configuration Area/dev.properties -directoryCPPFiles=../SAD Tests/data/QMake/ -directoryPtidej=D:/Shared/Dropbox/Ptidej Workspaces/v5.2/

!ENTRY org.eclipse.osgi 4 0 2016-09-19 23:51:01.347
!MESSAGE Bundle reference:file:D:/Shared/Dropbox/Ptidej Workspaces/v5.2/plugins/PADL_Creator_Cpp_Eclipse_1.5.0.jar not found.

!ENTRY org.eclipse.osgi 4 0 2016-09-19 23:51:03.017
!MESSAGE Application error
!STACK 1
java.lang.NoClassDefFoundError: org/eclipse/cdt/core/dom/ast/IASTStatement
	at padl.creator.cppfile.eclipse.plugin.actions.Launcher.prepareTargetCPPFiles(Launcher.java:173)
	at padl.creator.cppfile.eclipse.plugin.actions.Launcher.start(Launcher.java:223)
	at padl.creator.cppfile.eclipse.plugin.actions.Launcher.start(Launcher.java:190)
	at org.eclipse.equinox.internal.app.EclipseAppHandle.run(EclipseAppHandle.java:196)
	at org.eclipse.core.runtime.internal.adaptor.EclipseAppLauncher.runApplication(EclipseAppLauncher.java:134)
	at org.eclipse.core.runtime.internal.adaptor.EclipseAppLauncher.start(EclipseAppLauncher.java:104)
	at org.eclipse.core.runtime.adaptor.EclipseStarter.run(EclipseStarter.java:388)
	at org.eclipse.core.runtime.adaptor.EclipseStarter.run(EclipseStarter.java:243)
	at padl.creator.cppfile.eclipse.misc.EclipseCPPParserCaller.createCodeLevelModelUsingOSGiEmbedded(EclipseCPPParserCaller.java:123)
	at padl.creator.cppfile.eclipse.CPPCreator.create(CPPCreator.java:28)
	at padl.kernel.impl.CodeLevelModel.create(CodeLevelModel.java:41)
	at padl.generator.helper.ModelGenerator.generateModelFromCppFilesUsingEclipse(ModelGenerator.java:286)
	at padl.generator.helper.ModelGenerator.generateModelFromCppFilesUsingEclipse(ModelGenerator.java:267)
	at sad.detection.test.cppfile.qmake.FewSmellsTest.setUp(FewSmellsTest.java:43)
	at junit.framework.TestCase.runBare(TestCase.java:139)
	at junit.framework.TestResult$1.protect(TestResult.java:122)
	at junit.framework.TestResult.runProtected(TestResult.java:142)
	at junit.framework.TestResult.run(TestResult.java:125)
	at junit.framework.TestCase.run(TestCase.java:129)
	at junit.framework.TestSuite.runTest(TestSuite.java:252)
	at junit.framework.TestSuite.run(TestSuite.java:247)
	at org.eclipse.jdt.internal.junit.runner.junit3.JUnit3TestReference.run(JUnit3TestReference.java:121)
	at org.eclipse.jdt.internal.junit.runner.TestExecution.run(TestExecution.java:38)
	at org.eclipse.jdt.internal.junit.runner.RemoteTestRunner.runTests(RemoteTestRunner.java:459)
	at org.eclipse.jdt.internal.junit.runner.RemoteTestRunner.runTests(RemoteTestRunner.java:678)
	at org.eclipse.jdt.internal.junit.runner.RemoteTestRunner.run(RemoteTestRunner.java:382)
	at org.eclipse.jdt.internal.junit.runner.RemoteTestRunner.main(RemoteTestRunner.java:192)
Caused by: java.lang.ClassNotFoundException: org.eclipse.cdt.core.dom.ast.IASTStatement cannot be found by PADL_Creator_Cpp_Eclipse_1.5.0
	at org.eclipse.osgi.internal.loader.BundleLoader.findClassInternal(BundleLoader.java:448)
	at org.eclipse.osgi.internal.loader.BundleLoader.findClass(BundleLoader.java:361)
	at org.eclipse.osgi.internal.loader.BundleLoader.findClass(BundleLoader.java:353)
	at org.eclipse.osgi.internal.loader.ModuleClassLoader.loadClass(ModuleClassLoader.java:161)
	at java.lang.ClassLoader.loadClass(Unknown Source)
	... 27 more
!SESSION 2016-09-19 23:51:20.221 -----------------------------------------------
eclipse.buildId=unknown
java.version=1.8.0_101
java.vendor=Oracle Corporation
BootLoader constants: OS=win32, ARCH=x86_64, WS=win32, NL=en_CA

!ENTRY org.eclipse.osgi 4 0 2016-09-19 23:51:20.222
!MESSAGE error loading hook: org.eclipse.equinox.weaving.hooks.WeavingHook
!STACK 0
java.lang.NoClassDefFoundError: org/eclipse/osgi/baseadaptor/HookConfigurator
	at java.lang.ClassLoader.defineClass1(Native Method)
	at java.lang.ClassLoader.defineClass(Unknown Source)
	at java.security.SecureClassLoader.defineClass(Unknown Source)
	at java.net.URLClassLoader.defineClass(Unknown Source)
	at java.net.URLClassLoader.access$100(Unknown Source)
	at java.net.URLClassLoader$1.run(Unknown Source)
	at java.net.URLClassLoader$1.run(Unknown Source)
	at java.security.AccessController.doPrivileged(Native Method)
	at java.net.URLClassLoader.findClass(Unknown Source)
	at java.lang.ClassLoader.loadClass(Unknown Source)
	at sun.misc.Launcher$AppClassLoader.loadClass(Unknown Source)
	at java.lang.ClassLoader.loadClass(Unknown Source)
	at java.lang.ClassLoader.defineClass1(Native Method)
	at java.lang.ClassLoader.defineClass(Unknown Source)
	at java.security.SecureClassLoader.defineClass(Unknown Source)
	at java.net.URLClassLoader.defineClass(Unknown Source)
	at java.net.URLClassLoader.access$100(Unknown Source)
	at java.net.URLClassLoader$1.run(Unknown Source)
	at java.net.URLClassLoader$1.run(Unknown Source)
	at java.security.AccessController.doPrivileged(Native Method)
	at java.net.URLClassLoader.findClass(Unknown Source)
	at java.lang.ClassLoader.loadClass(Unknown Source)
	at sun.misc.Launcher$AppClassLoader.loadClass(Unknown Source)
	at java.lang.ClassLoader.loadClass(Unknown Source)
	at java.lang.Class.forName0(Native Method)
	at java.lang.Class.forName(Unknown Source)
	at org.eclipse.osgi.internal.hookregistry.HookRegistry.loadConfigurators(HookRegistry.java:185)
	at org.eclipse.osgi.internal.hookregistry.HookRegistry.initialize(HookRegistry.java:106)
	at org.eclipse.osgi.internal.framework.EquinoxContainer.<init>(EquinoxContainer.java:64)
	at org.eclipse.osgi.launch.Equinox.<init>(Equinox.java:31)
	at org.eclipse.core.runtime.adaptor.EclipseStarter.startup(EclipseStarter.java:303)
	at org.eclipse.core.runtime.adaptor.EclipseStarter.run(EclipseStarter.java:239)
	at padl.creator.cppfile.eclipse.misc.EclipseCPPParserCaller.createCodeLevelModelUsingOSGiEmbedded(EclipseCPPParserCaller.java:123)
	at padl.creator.cppfile.eclipse.CPPCreator.create(CPPCreator.java:28)
	at padl.kernel.impl.CodeLevelModel.create(CodeLevelModel.java:41)
	at padl.generator.helper.ModelGenerator.generateModelFromCppFilesUsingEclipse(ModelGenerator.java:286)
	at padl.generator.helper.ModelGenerator.generateModelFromCppFilesUsingEclipse(ModelGenerator.java:267)
	at sad.detection.test.cppfile.qmake.FewSmellsTest.setUp(FewSmellsTest.java:43)
	at junit.framework.TestCase.runBare(TestCase.java:139)
	at junit.framework.TestResult$1.protect(TestResult.java:122)
	at junit.framework.TestResult.runProtected(TestResult.java:142)
	at junit.framework.TestResult.run(TestResult.java:125)
	at junit.framework.TestCase.run(TestCase.java:129)
	at junit.framework.TestSuite.runTest(TestSuite.java:252)
	at junit.framework.TestSuite.run(TestSuite.java:247)
	at org.eclipse.jdt.internal.junit.runner.junit3.JUnit3TestReference.run(JUnit3TestReference.java:121)
	at org.eclipse.jdt.internal.junit.runner.TestExecution.run(TestExecution.java:38)
	at org.eclipse.jdt.internal.junit.runner.RemoteTestRunner.runTests(RemoteTestRunner.java:459)
	at org.eclipse.jdt.internal.junit.runner.RemoteTestRunner.runTests(RemoteTestRunner.java:678)
	at org.eclipse.jdt.internal.junit.runner.RemoteTestRunner.run(RemoteTestRunner.java:382)
	at org.eclipse.jdt.internal.junit.runner.RemoteTestRunner.main(RemoteTestRunner.java:192)
Caused by: java.lang.ClassNotFoundException: org.eclipse.osgi.baseadaptor.HookConfigurator
	at java.net.URLClassLoader.findClass(Unknown Source)
	at java.lang.ClassLoader.loadClass(Unknown Source)
	at sun.misc.Launcher$AppClassLoader.loadClass(Unknown Source)
	at java.lang.ClassLoader.loadClass(Unknown Source)
	... 51 more

!ENTRY org.eclipse.osgi 4 0 2016-09-19 23:51:20.451
!MESSAGE Bundle reference:file:D:/Shared/Dropbox/Ptidej Workspaces/v5.2/plugins/PADL_Creator_Cpp_Eclipse_1.5.0.jar not found.

!ENTRY org.eclipse.osgi 4 0 2016-09-19 23:51:20.858
!MESSAGE Application error
!STACK 1
java.lang.NoClassDefFoundError: org/eclipse/cdt/core/dom/ast/IASTStatement
	at padl.creator.cppfile.eclipse.plugin.actions.Launcher.prepareTargetCPPFiles(Launcher.java:173)
	at padl.creator.cppfile.eclipse.plugin.actions.Launcher.start(Launcher.java:223)
	at padl.creator.cppfile.eclipse.plugin.actions.Launcher.start(Launcher.java:190)
	at org.eclipse.equinox.internal.app.EclipseAppHandle.run(EclipseAppHandle.java:196)
	at org.eclipse.core.runtime.internal.adaptor.EclipseAppLauncher.runApplication(EclipseAppLauncher.java:134)
	at org.eclipse.core.runtime.internal.adaptor.EclipseAppLauncher.start(EclipseAppLauncher.java:104)
	at org.eclipse.core.runtime.adaptor.EclipseStarter.run(EclipseStarter.java:388)
	at org.eclipse.core.runtime.adaptor.EclipseStarter.run(EclipseStarter.java:243)
	at padl.creator.cppfile.eclipse.misc.EclipseCPPParserCaller.createCodeLevelModelUsingOSGiEmbedded(EclipseCPPParserCaller.java:123)
	at padl.creator.cppfile.eclipse.CPPCreator.create(CPPCreator.java:28)
	at padl.kernel.impl.CodeLevelModel.create(CodeLevelModel.java:41)
	at padl.generator.helper.ModelGenerator.generateModelFromCppFilesUsingEclipse(ModelGenerator.java:286)
	at padl.generator.helper.ModelGenerator.generateModelFromCppFilesUsingEclipse(ModelGenerator.java:267)
	at sad.detection.test.cppfile.qmake.FewSmellsTest.setUp(FewSmellsTest.java:43)
	at junit.framework.TestCase.runBare(TestCase.java:139)
	at junit.framework.TestResult$1.protect(TestResult.java:122)
	at junit.framework.TestResult.runProtected(TestResult.java:142)
	at junit.framework.TestResult.run(TestResult.java:125)
	at junit.framework.TestCase.run(TestCase.java:129)
	at junit.framework.TestSuite.runTest(TestSuite.java:252)
	at junit.framework.TestSuite.run(TestSuite.java:247)
	at org.eclipse.jdt.internal.junit.runner.junit3.JUnit3TestReference.run(JUnit3TestReference.java:121)
	at org.eclipse.jdt.internal.junit.runner.TestExecution.run(TestExecution.java:38)
	at org.eclipse.jdt.internal.junit.runner.RemoteTestRunner.runTests(RemoteTestRunner.java:459)
	at org.eclipse.jdt.internal.junit.runner.RemoteTestRunner.runTests(RemoteTestRunner.java:678)
	at org.eclipse.jdt.internal.junit.runner.RemoteTestRunner.run(RemoteTestRunner.java:382)
	at org.eclipse.jdt.internal.junit.runner.RemoteTestRunner.main(RemoteTestRunner.java:192)
Caused by: java.lang.ClassNotFoundException: org.eclipse.cdt.core.dom.ast.IASTStatement cannot be found by PADL_Creator_Cpp_Eclipse_1.5.0
	at org.eclipse.osgi.internal.loader.BundleLoader.findClassInternal(BundleLoader.java:448)
	at org.eclipse.osgi.internal.loader.BundleLoader.findClass(BundleLoader.java:361)
	at org.eclipse.osgi.internal.loader.BundleLoader.findClass(BundleLoader.java:353)
	at org.eclipse.osgi.internal.loader.ModuleClassLoader.loadClass(ModuleClassLoader.java:161)
	at java.lang.ClassLoader.loadClass(Unknown Source)
	... 27 more
!SESSION 2016-09-19 23:51:21.064 -----------------------------------------------
eclipse.buildId=unknown
java.version=1.8.0_101
java.vendor=Oracle Corporation
BootLoader constants: OS=win32, ARCH=x86_64, WS=win32, NL=en_CA

!ENTRY org.eclipse.osgi 4 0 2016-09-19 23:51:21.064
!MESSAGE error loading hook: org.eclipse.equinox.weaving.hooks.WeavingHook
!STACK 0
java.lang.NoClassDefFoundError: org/eclipse/osgi/baseadaptor/HookConfigurator
	at java.lang.ClassLoader.defineClass1(Native Method)
	at java.lang.ClassLoader.defineClass(Unknown Source)
	at java.security.SecureClassLoader.defineClass(Unknown Source)
	at java.net.URLClassLoader.defineClass(Unknown Source)
	at java.net.URLClassLoader.access$100(Unknown Source)
	at java.net.URLClassLoader$1.run(Unknown Source)
	at java.net.URLClassLoader$1.run(Unknown Source)
	at java.security.AccessController.doPrivileged(Native Method)
	at java.net.URLClassLoader.findClass(Unknown Source)
	at java.lang.ClassLoader.loadClass(Unknown Source)
	at sun.misc.Launcher$AppClassLoader.loadClass(Unknown Source)
	at java.lang.ClassLoader.loadClass(Unknown Source)
	at java.lang.ClassLoader.defineClass1(Native Method)
	at java.lang.ClassLoader.defineClass(Unknown Source)
	at java.security.SecureClassLoader.defineClass(Unknown Source)
	at java.net.URLClassLoader.defineClass(Unknown Source)
	at java.net.URLClassLoader.access$100(Unknown Source)
	at java.net.URLClassLoader$1.run(Unknown Source)
	at java.net.URLClassLoader$1.run(Unknown Source)
	at java.security.AccessController.doPrivileged(Native Method)
	at java.net.URLClassLoader.findClass(Unknown Source)
	at java.lang.ClassLoader.loadClass(Unknown Source)
	at sun.misc.Launcher$AppClassLoader.loadClass(Unknown Source)
	at java.lang.ClassLoader.loadClass(Unknown Source)
	at java.lang.Class.forName0(Native Method)
	at java.lang.Class.forName(Unknown Source)
	at org.eclipse.osgi.internal.hookregistry.HookRegistry.loadConfigurators(HookRegistry.java:185)
	at org.eclipse.osgi.internal.hookregistry.HookRegistry.initialize(HookRegistry.java:106)
	at org.eclipse.osgi.internal.framework.EquinoxContainer.<init>(EquinoxContainer.java:64)
	at org.eclipse.osgi.launch.Equinox.<init>(Equinox.java:31)
	at org.eclipse.core.runtime.adaptor.EclipseStarter.startup(EclipseStarter.java:303)
	at org.eclipse.core.runtime.adaptor.EclipseStarter.run(EclipseStarter.java:239)
	at padl.creator.cppfile.eclipse.misc.EclipseCPPParserCaller.createCodeLevelModelUsingOSGiEmbedded(EclipseCPPParserCaller.java:123)
	at padl.creator.cppfile.eclipse.CPPCreator.create(CPPCreator.java:28)
	at padl.kernel.impl.CodeLevelModel.create(CodeLevelModel.java:41)
	at padl.generator.helper.ModelGenerator.generateModelFromCppFilesUsingEclipse(ModelGenerator.java:286)
	at padl.generator.helper.ModelGenerator.generateModelFromCppFilesUsingEclipse(ModelGenerator.java:267)
	at sad.detection.test.cppfile.qmake.FewSmellsTest.setUp(FewSmellsTest.java:43)
	at junit.framework.TestCase.runBare(TestCase.java:139)
	at junit.framework.TestResult$1.protect(TestResult.java:122)
	at junit.framework.TestResult.runProtected(TestResult.java:142)
	at junit.framework.TestResult.run(TestResult.java:125)
	at junit.framework.TestCase.run(TestCase.java:129)
	at junit.framework.TestSuite.runTest(TestSuite.java:252)
	at junit.framework.TestSuite.run(TestSuite.java:247)
	at org.eclipse.jdt.internal.junit.runner.junit3.JUnit3TestReference.run(JUnit3TestReference.java:121)
	at org.eclipse.jdt.internal.junit.runner.TestExecution.run(TestExecution.java:38)
	at org.eclipse.jdt.internal.junit.runner.RemoteTestRunner.runTests(RemoteTestRunner.java:459)
	at org.eclipse.jdt.internal.junit.runner.RemoteTestRunner.runTests(RemoteTestRunner.java:678)
	at org.eclipse.jdt.internal.junit.runner.RemoteTestRunner.run(RemoteTestRunner.java:382)
	at org.eclipse.jdt.internal.junit.runner.RemoteTestRunner.main(RemoteTestRunner.java:192)
Caused by: java.lang.ClassNotFoundException: org.eclipse.osgi.baseadaptor.HookConfigurator
	at java.net.URLClassLoader.findClass(Unknown Source)
	at java.lang.ClassLoader.loadClass(Unknown Source)
	at sun.misc.Launcher$AppClassLoader.loadClass(Unknown Source)
	at java.lang.ClassLoader.loadClass(Unknown Source)
	... 51 more

!ENTRY org.eclipse.osgi 4 0 2016-09-19 23:51:21.144
!MESSAGE Bundle reference:file:D:/Shared/Dropbox/Ptidej Workspaces/v5.2/plugins/PADL_Creator_Cpp_Eclipse_1.5.0.jar not found.

!ENTRY org.eclipse.osgi 4 0 2016-09-19 23:51:21.721
!MESSAGE Application error
!STACK 1
java.lang.NoClassDefFoundError: org/eclipse/cdt/core/dom/ast/IASTStatement
	at padl.creator.cppfile.eclipse.plugin.actions.Launcher.prepareTargetCPPFiles(Launcher.java:173)
	at padl.creator.cppfile.eclipse.plugin.actions.Launcher.start(Launcher.java:223)
	at padl.creator.cppfile.eclipse.plugin.actions.Launcher.start(Launcher.java:190)
	at org.eclipse.equinox.internal.app.EclipseAppHandle.run(EclipseAppHandle.java:196)
	at org.eclipse.core.runtime.internal.adaptor.EclipseAppLauncher.runApplication(EclipseAppLauncher.java:134)
	at org.eclipse.core.runtime.internal.adaptor.EclipseAppLauncher.start(EclipseAppLauncher.java:104)
	at org.eclipse.core.runtime.adaptor.EclipseStarter.run(EclipseStarter.java:388)
	at org.eclipse.core.runtime.adaptor.EclipseStarter.run(EclipseStarter.java:243)
	at padl.creator.cppfile.eclipse.misc.EclipseCPPParserCaller.createCodeLevelModelUsingOSGiEmbedded(EclipseCPPParserCaller.java:123)
	at padl.creator.cppfile.eclipse.CPPCreator.create(CPPCreator.java:28)
	at padl.kernel.impl.CodeLevelModel.create(CodeLevelModel.java:41)
	at padl.generator.helper.ModelGenerator.generateModelFromCppFilesUsingEclipse(ModelGenerator.java:286)
	at padl.generator.helper.ModelGenerator.generateModelFromCppFilesUsingEclipse(ModelGenerator.java:267)
	at sad.detection.test.cppfile.qmake.FewSmellsTest.setUp(FewSmellsTest.java:43)
	at junit.framework.TestCase.runBare(TestCase.java:139)
	at junit.framework.TestResult$1.protect(TestResult.java:122)
	at junit.framework.TestResult.runProtected(TestResult.java:142)
	at junit.framework.TestResult.run(TestResult.java:125)
	at junit.framework.TestCase.run(TestCase.java:129)
	at junit.framework.TestSuite.runTest(TestSuite.java:252)
	at junit.framework.TestSuite.run(TestSuite.java:247)
	at org.eclipse.jdt.internal.junit.runner.junit3.JUnit3TestReference.run(JUnit3TestReference.java:121)
	at org.eclipse.jdt.internal.junit.runner.TestExecution.run(TestExecution.java:38)
	at org.eclipse.jdt.internal.junit.runner.RemoteTestRunner.runTests(RemoteTestRunner.java:459)
	at org.eclipse.jdt.internal.junit.runner.RemoteTestRunner.runTests(RemoteTestRunner.java:678)
	at org.eclipse.jdt.internal.junit.runner.RemoteTestRunner.run(RemoteTestRunner.java:382)
	at org.eclipse.jdt.internal.junit.runner.RemoteTestRunner.main(RemoteTestRunner.java:192)
Caused by: java.lang.ClassNotFoundException: org.eclipse.cdt.core.dom.ast.IASTStatement cannot be found by PADL_Creator_Cpp_Eclipse_1.5.0
	at org.eclipse.osgi.internal.loader.BundleLoader.findClassInternal(BundleLoader.java:448)
	at org.eclipse.osgi.internal.loader.BundleLoader.findClass(BundleLoader.java:361)
	at org.eclipse.osgi.internal.loader.BundleLoader.findClass(BundleLoader.java:353)
	at org.eclipse.osgi.internal.loader.ModuleClassLoader.loadClass(ModuleClassLoader.java:161)
	at java.lang.ClassLoader.loadClass(Unknown Source)
	... 27 more
!SESSION 2016-09-19 23:51:22.047 -----------------------------------------------
eclipse.buildId=unknown
java.version=1.8.0_101
java.vendor=Oracle Corporation
BootLoader constants: OS=win32, ARCH=x86_64, WS=win32, NL=en_CA

!ENTRY org.eclipse.osgi 4 0 2016-09-19 23:51:22.047
!MESSAGE error loading hook: org.eclipse.equinox.weaving.hooks.WeavingHook
!STACK 0
java.lang.NoClassDefFoundError: org/eclipse/osgi/baseadaptor/HookConfigurator
	at java.lang.ClassLoader.defineClass1(Native Method)
	at java.lang.ClassLoader.defineClass(Unknown Source)
	at java.security.SecureClassLoader.defineClass(Unknown Source)
	at java.net.URLClassLoader.defineClass(Unknown Source)
	at java.net.URLClassLoader.access$100(Unknown Source)
	at java.net.URLClassLoader$1.run(Unknown Source)
	at java.net.URLClassLoader$1.run(Unknown Source)
	at java.security.AccessController.doPrivileged(Native Method)
	at java.net.URLClassLoader.findClass(Unknown Source)
	at java.lang.ClassLoader.loadClass(Unknown Source)
	at sun.misc.Launcher$AppClassLoader.loadClass(Unknown Source)
	at java.lang.ClassLoader.loadClass(Unknown Source)
	at java.lang.ClassLoader.defineClass1(Native Method)
	at java.lang.ClassLoader.defineClass(Unknown Source)
	at java.security.SecureClassLoader.defineClass(Unknown Source)
	at java.net.URLClassLoader.defineClass(Unknown Source)
	at java.net.URLClassLoader.access$100(Unknown Source)
	at java.net.URLClassLoader$1.run(Unknown Source)
	at java.net.URLClassLoader$1.run(Unknown Source)
	at java.security.AccessController.doPrivileged(Native Method)
	at java.net.URLClassLoader.findClass(Unknown Source)
	at java.lang.ClassLoader.loadClass(Unknown Source)
	at sun.misc.Launcher$AppClassLoader.loadClass(Unknown Source)
	at java.lang.ClassLoader.loadClass(Unknown Source)
	at java.lang.Class.forName0(Native Method)
	at java.lang.Class.forName(Unknown Source)
	at org.eclipse.osgi.internal.hookregistry.HookRegistry.loadConfigurators(HookRegistry.java:185)
	at org.eclipse.osgi.internal.hookregistry.HookRegistry.initialize(HookRegistry.java:106)
	at org.eclipse.osgi.internal.framework.EquinoxContainer.<init>(EquinoxContainer.java:64)
	at org.eclipse.osgi.launch.Equinox.<init>(Equinox.java:31)
	at org.eclipse.core.runtime.adaptor.EclipseStarter.startup(EclipseStarter.java:303)
	at org.eclipse.core.runtime.adaptor.EclipseStarter.run(EclipseStarter.java:239)
	at padl.creator.cppfile.eclipse.misc.EclipseCPPParserCaller.createCodeLevelModelUsingOSGiEmbedded(EclipseCPPParserCaller.java:123)
	at padl.creator.cppfile.eclipse.CPPCreator.create(CPPCreator.java:28)
	at padl.kernel.impl.CodeLevelModel.create(CodeLevelModel.java:41)
	at padl.generator.helper.ModelGenerator.generateModelFromCppFilesUsingEclipse(ModelGenerator.java:286)
	at padl.generator.helper.ModelGenerator.generateModelFromCppFilesUsingEclipse(ModelGenerator.java:267)
	at sad.detection.test.cppfile.qmake.FewSmellsTest.setUp(FewSmellsTest.java:43)
	at junit.framework.TestCase.runBare(TestCase.java:139)
	at junit.framework.TestResult$1.protect(TestResult.java:122)
	at junit.framework.TestResult.runProtected(TestResult.java:142)
	at junit.framework.TestResult.run(TestResult.java:125)
	at junit.framework.TestCase.run(TestCase.java:129)
	at junit.framework.TestSuite.runTest(TestSuite.java:252)
	at junit.framework.TestSuite.run(TestSuite.java:247)
	at org.eclipse.jdt.internal.junit.runner.junit3.JUnit3TestReference.run(JUnit3TestReference.java:121)
	at org.eclipse.jdt.internal.junit.runner.TestExecution.run(TestExecution.java:38)
	at org.eclipse.jdt.internal.junit.runner.RemoteTestRunner.runTests(RemoteTestRunner.java:459)
	at org.eclipse.jdt.internal.junit.runner.RemoteTestRunner.runTests(RemoteTestRunner.java:678)
	at org.eclipse.jdt.internal.junit.runner.RemoteTestRunner.run(RemoteTestRunner.java:382)
	at org.eclipse.jdt.internal.junit.runner.RemoteTestRunner.main(RemoteTestRunner.java:192)
Caused by: java.lang.ClassNotFoundException: org.eclipse.osgi.baseadaptor.HookConfigurator
	at java.net.URLClassLoader.findClass(Unknown Source)
	at java.lang.ClassLoader.loadClass(Unknown Source)
	at sun.misc.Launcher$AppClassLoader.loadClass(Unknown Source)
	at java.lang.ClassLoader.loadClass(Unknown Source)
	... 51 more

!ENTRY org.eclipse.osgi 4 0 2016-09-19 23:51:22.276
!MESSAGE Bundle reference:file:D:/Shared/Dropbox/Ptidej Workspaces/v5.2/plugins/PADL_Creator_Cpp_Eclipse_1.5.0.jar not found.

!ENTRY org.eclipse.osgi 4 0 2016-09-19 23:51:24.508
!MESSAGE Application error
!STACK 1
java.lang.NoClassDefFoundError: org/eclipse/cdt/core/dom/ast/IASTStatement
	at padl.creator.cppfile.eclipse.plugin.actions.Launcher.prepareTargetCPPFiles(Launcher.java:173)
	at padl.creator.cppfile.eclipse.plugin.actions.Launcher.start(Launcher.java:223)
	at padl.creator.cppfile.eclipse.plugin.actions.Launcher.start(Launcher.java:190)
	at org.eclipse.equinox.internal.app.EclipseAppHandle.run(EclipseAppHandle.java:196)
	at org.eclipse.core.runtime.internal.adaptor.EclipseAppLauncher.runApplication(EclipseAppLauncher.java:134)
	at org.eclipse.core.runtime.internal.adaptor.EclipseAppLauncher.start(EclipseAppLauncher.java:104)
	at org.eclipse.core.runtime.adaptor.EclipseStarter.run(EclipseStarter.java:388)
	at org.eclipse.core.runtime.adaptor.EclipseStarter.run(EclipseStarter.java:243)
	at padl.creator.cppfile.eclipse.misc.EclipseCPPParserCaller.createCodeLevelModelUsingOSGiEmbedded(EclipseCPPParserCaller.java:123)
	at padl.creator.cppfile.eclipse.CPPCreator.create(CPPCreator.java:28)
	at padl.kernel.impl.CodeLevelModel.create(CodeLevelModel.java:41)
	at padl.generator.helper.ModelGenerator.generateModelFromCppFilesUsingEclipse(ModelGenerator.java:286)
	at padl.generator.helper.ModelGenerator.generateModelFromCppFilesUsingEclipse(ModelGenerator.java:267)
	at sad.detection.test.cppfile.qmake.FewSmellsTest.setUp(FewSmellsTest.java:43)
	at junit.framework.TestCase.runBare(TestCase.java:139)
	at junit.framework.TestResult$1.protect(TestResult.java:122)
	at junit.framework.TestResult.runProtected(TestResult.java:142)
	at junit.framework.TestResult.run(TestResult.java:125)
	at junit.framework.TestCase.run(TestCase.java:129)
	at junit.framework.TestSuite.runTest(TestSuite.java:252)
	at junit.framework.TestSuite.run(TestSuite.java:247)
	at org.eclipse.jdt.internal.junit.runner.junit3.JUnit3TestReference.run(JUnit3TestReference.java:121)
	at org.eclipse.jdt.internal.junit.runner.TestExecution.run(TestExecution.java:38)
	at org.eclipse.jdt.internal.junit.runner.RemoteTestRunner.runTests(RemoteTestRunner.java:459)
	at org.eclipse.jdt.internal.junit.runner.RemoteTestRunner.runTests(RemoteTestRunner.java:678)
	at org.eclipse.jdt.internal.junit.runner.RemoteTestRunner.run(RemoteTestRunner.java:382)
	at org.eclipse.jdt.internal.junit.runner.RemoteTestRunner.main(RemoteTestRunner.java:192)
Caused by: java.lang.ClassNotFoundException: org.eclipse.cdt.core.dom.ast.IASTStatement cannot be found by PADL_Creator_Cpp_Eclipse_1.5.0
	at org.eclipse.osgi.internal.loader.BundleLoader.findClassInternal(BundleLoader.java:448)
	at org.eclipse.osgi.internal.loader.BundleLoader.findClass(BundleLoader.java:361)
	at org.eclipse.osgi.internal.loader.BundleLoader.findClass(BundleLoader.java:353)
	at org.eclipse.osgi.internal.loader.ModuleClassLoader.loadClass(ModuleClassLoader.java:161)
	at java.lang.ClassLoader.loadClass(Unknown Source)
	... 27 more
!SESSION 2016-09-19 23:51:24.608 -----------------------------------------------
eclipse.buildId=unknown
java.version=1.8.0_101
java.vendor=Oracle Corporation
BootLoader constants: OS=win32, ARCH=x86_64, WS=win32, NL=en_CA

!ENTRY org.eclipse.osgi 4 0 2016-09-19 23:51:24.609
!MESSAGE error loading hook: org.eclipse.equinox.weaving.hooks.WeavingHook
!STACK 0
java.lang.NoClassDefFoundError: org/eclipse/osgi/baseadaptor/HookConfigurator
	at java.lang.ClassLoader.defineClass1(Native Method)
	at java.lang.ClassLoader.defineClass(Unknown Source)
	at java.security.SecureClassLoader.defineClass(Unknown Source)
	at java.net.URLClassLoader.defineClass(Unknown Source)
	at java.net.URLClassLoader.access$100(Unknown Source)
	at java.net.URLClassLoader$1.run(Unknown Source)
	at java.net.URLClassLoader$1.run(Unknown Source)
	at java.security.AccessController.doPrivileged(Native Method)
	at java.net.URLClassLoader.findClass(Unknown Source)
	at java.lang.ClassLoader.loadClass(Unknown Source)
	at sun.misc.Launcher$AppClassLoader.loadClass(Unknown Source)
	at java.lang.ClassLoader.loadClass(Unknown Source)
	at java.lang.ClassLoader.defineClass1(Native Method)
	at java.lang.ClassLoader.defineClass(Unknown Source)
	at java.security.SecureClassLoader.defineClass(Unknown Source)
	at java.net.URLClassLoader.defineClass(Unknown Source)
	at java.net.URLClassLoader.access$100(Unknown Source)
	at java.net.URLClassLoader$1.run(Unknown Source)
	at java.net.URLClassLoader$1.run(Unknown Source)
	at java.security.AccessController.doPrivileged(Native Method)
	at java.net.URLClassLoader.findClass(Unknown Source)
	at java.lang.ClassLoader.loadClass(Unknown Source)
	at sun.misc.Launcher$AppClassLoader.loadClass(Unknown Source)
	at java.lang.ClassLoader.loadClass(Unknown Source)
	at java.lang.Class.forName0(Native Method)
	at java.lang.Class.forName(Unknown Source)
	at org.eclipse.osgi.internal.hookregistry.HookRegistry.loadConfigurators(HookRegistry.java:185)
	at org.eclipse.osgi.internal.hookregistry.HookRegistry.initialize(HookRegistry.java:106)
	at org.eclipse.osgi.internal.framework.EquinoxContainer.<init>(EquinoxContainer.java:64)
	at org.eclipse.osgi.launch.Equinox.<init>(Equinox.java:31)
	at org.eclipse.core.runtime.adaptor.EclipseStarter.startup(EclipseStarter.java:303)
	at org.eclipse.core.runtime.adaptor.EclipseStarter.run(EclipseStarter.java:239)
	at padl.creator.cppfile.eclipse.misc.EclipseCPPParserCaller.createCodeLevelModelUsingOSGiEmbedded(EclipseCPPParserCaller.java:123)
	at padl.creator.cppfile.eclipse.CPPCreator.create(CPPCreator.java:28)
	at padl.kernel.impl.CodeLevelModel.create(CodeLevelModel.java:41)
	at padl.generator.helper.ModelGenerator.generateModelFromCppFilesUsingEclipse(ModelGenerator.java:286)
	at padl.generator.helper.ModelGenerator.generateModelFromCppFilesUsingEclipse(ModelGenerator.java:267)
	at sad.detection.test.cppfile.qmake.FewSmellsTest.setUp(FewSmellsTest.java:43)
	at junit.framework.TestCase.runBare(TestCase.java:139)
	at junit.framework.TestResult$1.protect(TestResult.java:122)
	at junit.framework.TestResult.runProtected(TestResult.java:142)
	at junit.framework.TestResult.run(TestResult.java:125)
	at junit.framework.TestCase.run(TestCase.java:129)
	at junit.framework.TestSuite.runTest(TestSuite.java:252)
	at junit.framework.TestSuite.run(TestSuite.java:247)
	at org.eclipse.jdt.internal.junit.runner.junit3.JUnit3TestReference.run(JUnit3TestReference.java:121)
	at org.eclipse.jdt.internal.junit.runner.TestExecution.run(TestExecution.java:38)
	at org.eclipse.jdt.internal.junit.runner.RemoteTestRunner.runTests(RemoteTestRunner.java:459)
	at org.eclipse.jdt.internal.junit.runner.RemoteTestRunner.runTests(RemoteTestRunner.java:678)
	at org.eclipse.jdt.internal.junit.runner.RemoteTestRunner.run(RemoteTestRunner.java:382)
	at org.eclipse.jdt.internal.junit.runner.RemoteTestRunner.main(RemoteTestRunner.java:192)
Caused by: java.lang.ClassNotFoundException: org.eclipse.osgi.baseadaptor.HookConfigurator
	at java.net.URLClassLoader.findClass(Unknown Source)
	at java.lang.ClassLoader.loadClass(Unknown Source)
	at sun.misc.Launcher$AppClassLoader.loadClass(Unknown Source)
	at java.lang.ClassLoader.loadClass(Unknown Source)
	... 51 more

!ENTRY org.eclipse.osgi 4 0 2016-09-19 23:51:24.749
!MESSAGE Bundle reference:file:D:/Shared/Dropbox/Ptidej Workspaces/v5.2/plugins/PADL_Creator_Cpp_Eclipse_1.5.0.jar not found.

!ENTRY org.eclipse.osgi 4 0 2016-09-19 23:51:25.108
!MESSAGE Application error
!STACK 1
java.lang.NoClassDefFoundError: org/eclipse/cdt/core/dom/ast/IASTStatement
	at padl.creator.cppfile.eclipse.plugin.actions.Launcher.prepareTargetCPPFiles(Launcher.java:173)
	at padl.creator.cppfile.eclipse.plugin.actions.Launcher.start(Launcher.java:223)
	at padl.creator.cppfile.eclipse.plugin.actions.Launcher.start(Launcher.java:190)
	at org.eclipse.equinox.internal.app.EclipseAppHandle.run(EclipseAppHandle.java:196)
	at org.eclipse.core.runtime.internal.adaptor.EclipseAppLauncher.runApplication(EclipseAppLauncher.java:134)
	at org.eclipse.core.runtime.internal.adaptor.EclipseAppLauncher.start(EclipseAppLauncher.java:104)
	at org.eclipse.core.runtime.adaptor.EclipseStarter.run(EclipseStarter.java:388)
	at org.eclipse.core.runtime.adaptor.EclipseStarter.run(EclipseStarter.java:243)
	at padl.creator.cppfile.eclipse.misc.EclipseCPPParserCaller.createCodeLevelModelUsingOSGiEmbedded(EclipseCPPParserCaller.java:123)
	at padl.creator.cppfile.eclipse.CPPCreator.create(CPPCreator.java:28)
	at padl.kernel.impl.CodeLevelModel.create(CodeLevelModel.java:41)
	at padl.generator.helper.ModelGenerator.generateModelFromCppFilesUsingEclipse(ModelGenerator.java:286)
	at padl.generator.helper.ModelGenerator.generateModelFromCppFilesUsingEclipse(ModelGenerator.java:267)
	at sad.detection.test.cppfile.qmake.FewSmellsTest.setUp(FewSmellsTest.java:43)
	at junit.framework.TestCase.runBare(TestCase.java:139)
	at junit.framework.TestResult$1.protect(TestResult.java:122)
	at junit.framework.TestResult.runProtected(TestResult.java:142)
	at junit.framework.TestResult.run(TestResult.java:125)
	at junit.framework.TestCase.run(TestCase.java:129)
	at junit.framework.TestSuite.runTest(TestSuite.java:252)
	at junit.framework.TestSuite.run(TestSuite.java:247)
	at org.eclipse.jdt.internal.junit.runner.junit3.JUnit3TestReference.run(JUnit3TestReference.java:121)
	at org.eclipse.jdt.internal.junit.runner.TestExecution.run(TestExecution.java:38)
	at org.eclipse.jdt.internal.junit.runner.RemoteTestRunner.runTests(RemoteTestRunner.java:459)
	at org.eclipse.jdt.internal.junit.runner.RemoteTestRunner.runTests(RemoteTestRunner.java:678)
	at org.eclipse.jdt.internal.junit.runner.RemoteTestRunner.run(RemoteTestRunner.java:382)
	at org.eclipse.jdt.internal.junit.runner.RemoteTestRunner.main(RemoteTestRunner.java:192)
Caused by: java.lang.ClassNotFoundException: org.eclipse.cdt.core.dom.ast.IASTStatement cannot be found by PADL_Creator_Cpp_Eclipse_1.5.0
	at org.eclipse.osgi.internal.loader.BundleLoader.findClassInternal(BundleLoader.java:448)
	at org.eclipse.osgi.internal.loader.BundleLoader.findClass(BundleLoader.java:361)
	at org.eclipse.osgi.internal.loader.BundleLoader.findClass(BundleLoader.java:353)
	at org.eclipse.osgi.internal.loader.ModuleClassLoader.loadClass(ModuleClassLoader.java:161)
	at java.lang.ClassLoader.loadClass(Unknown Source)
	... 27 more
!SESSION 2016-09-19 23:51:25.294 -----------------------------------------------
eclipse.buildId=unknown
java.version=1.8.0_101
java.vendor=Oracle Corporation
BootLoader constants: OS=win32, ARCH=x86_64, WS=win32, NL=en_CA

!ENTRY org.eclipse.osgi 4 0 2016-09-19 23:51:25.294
!MESSAGE error loading hook: org.eclipse.equinox.weaving.hooks.WeavingHook
!STACK 0
java.lang.NoClassDefFoundError: org/eclipse/osgi/baseadaptor/HookConfigurator
	at java.lang.ClassLoader.defineClass1(Native Method)
	at java.lang.ClassLoader.defineClass(Unknown Source)
	at java.security.SecureClassLoader.defineClass(Unknown Source)
	at java.net.URLClassLoader.defineClass(Unknown Source)
	at java.net.URLClassLoader.access$100(Unknown Source)
	at java.net.URLClassLoader$1.run(Unknown Source)
	at java.net.URLClassLoader$1.run(Unknown Source)
	at java.security.AccessController.doPrivileged(Native Method)
	at java.net.URLClassLoader.findClass(Unknown Source)
	at java.lang.ClassLoader.loadClass(Unknown Source)
	at sun.misc.Launcher$AppClassLoader.loadClass(Unknown Source)
	at java.lang.ClassLoader.loadClass(Unknown Source)
	at java.lang.ClassLoader.defineClass1(Native Method)
	at java.lang.ClassLoader.defineClass(Unknown Source)
	at java.security.SecureClassLoader.defineClass(Unknown Source)
	at java.net.URLClassLoader.defineClass(Unknown Source)
	at java.net.URLClassLoader.access$100(Unknown Source)
	at java.net.URLClassLoader$1.run(Unknown Source)
	at java.net.URLClassLoader$1.run(Unknown Source)
	at java.security.AccessController.doPrivileged(Native Method)
	at java.net.URLClassLoader.findClass(Unknown Source)
	at java.lang.ClassLoader.loadClass(Unknown Source)
	at sun.misc.Launcher$AppClassLoader.loadClass(Unknown Source)
	at java.lang.ClassLoader.loadClass(Unknown Source)
	at java.lang.Class.forName0(Native Method)
	at java.lang.Class.forName(Unknown Source)
	at org.eclipse.osgi.internal.hookregistry.HookRegistry.loadConfigurators(HookRegistry.java:185)
	at org.eclipse.osgi.internal.hookregistry.HookRegistry.initialize(HookRegistry.java:106)
	at org.eclipse.osgi.internal.framework.EquinoxContainer.<init>(EquinoxContainer.java:64)
	at org.eclipse.osgi.launch.Equinox.<init>(Equinox.java:31)
	at org.eclipse.core.runtime.adaptor.EclipseStarter.startup(EclipseStarter.java:303)
	at org.eclipse.core.runtime.adaptor.EclipseStarter.run(EclipseStarter.java:239)
	at padl.creator.cppfile.eclipse.misc.EclipseCPPParserCaller.createCodeLevelModelUsingOSGiEmbedded(EclipseCPPParserCaller.java:123)
	at padl.creator.cppfile.eclipse.CPPCreator.create(CPPCreator.java:28)
	at padl.kernel.impl.CodeLevelModel.create(CodeLevelModel.java:41)
	at padl.generator.helper.ModelGenerator.generateModelFromCppFilesUsingEclipse(ModelGenerator.java:286)
	at padl.generator.helper.ModelGenerator.generateModelFromCppFilesUsingEclipse(ModelGenerator.java:267)
	at sad.detection.test.cppfile.qmake.FewSmellsTest.setUp(FewSmellsTest.java:43)
	at junit.framework.TestCase.runBare(TestCase.java:139)
	at junit.framework.TestResult$1.protect(TestResult.java:122)
	at junit.framework.TestResult.runProtected(TestResult.java:142)
	at junit.framework.TestResult.run(TestResult.java:125)
	at junit.framework.TestCase.run(TestCase.java:129)
	at junit.framework.TestSuite.runTest(TestSuite.java:252)
	at junit.framework.TestSuite.run(TestSuite.java:247)
	at org.eclipse.jdt.internal.junit.runner.junit3.JUnit3TestReference.run(JUnit3TestReference.java:121)
	at org.eclipse.jdt.internal.junit.runner.TestExecution.run(TestExecution.java:38)
	at org.eclipse.jdt.internal.junit.runner.RemoteTestRunner.runTests(RemoteTestRunner.java:459)
	at org.eclipse.jdt.internal.junit.runner.RemoteTestRunner.runTests(RemoteTestRunner.java:678)
	at org.eclipse.jdt.internal.junit.runner.RemoteTestRunner.run(RemoteTestRunner.java:382)
	at org.eclipse.jdt.internal.junit.runner.RemoteTestRunner.main(RemoteTestRunner.java:192)
Caused by: java.lang.ClassNotFoundException: org.eclipse.osgi.baseadaptor.HookConfigurator
	at java.net.URLClassLoader.findClass(Unknown Source)
	at java.lang.ClassLoader.loadClass(Unknown Source)
	at sun.misc.Launcher$AppClassLoader.loadClass(Unknown Source)
	at java.lang.ClassLoader.loadClass(Unknown Source)
	... 51 more

!ENTRY org.eclipse.osgi 4 0 2016-09-19 23:51:25.414
!MESSAGE Bundle reference:file:D:/Shared/Dropbox/Ptidej Workspaces/v5.2/plugins/PADL_Creator_Cpp_Eclipse_1.5.0.jar not found.
!SESSION 2016-09-19 23:51:26.225 -----------------------------------------------
eclipse.buildId=unknown
java.version=1.8.0_101
java.vendor=Oracle Corporation
BootLoader constants: OS=win32, ARCH=x86_64, WS=win32, NL=en_CA

!ENTRY org.eclipse.osgi 4 0 2016-09-19 23:51:26.225
!MESSAGE error loading hook: org.eclipse.equinox.weaving.hooks.WeavingHook
!STACK 0
java.lang.NoClassDefFoundError: org/eclipse/osgi/baseadaptor/HookConfigurator
	at java.lang.ClassLoader.defineClass1(Native Method)
	at java.lang.ClassLoader.defineClass(Unknown Source)
	at java.security.SecureClassLoader.defineClass(Unknown Source)
	at java.net.URLClassLoader.defineClass(Unknown Source)
	at java.net.URLClassLoader.access$100(Unknown Source)
	at java.net.URLClassLoader$1.run(Unknown Source)
	at java.net.URLClassLoader$1.run(Unknown Source)
	at java.security.AccessController.doPrivileged(Native Method)
	at java.net.URLClassLoader.findClass(Unknown Source)
	at java.lang.ClassLoader.loadClass(Unknown Source)
	at sun.misc.Launcher$AppClassLoader.loadClass(Unknown Source)
	at java.lang.ClassLoader.loadClass(Unknown Source)
	at java.lang.ClassLoader.defineClass1(Native Method)
	at java.lang.ClassLoader.defineClass(Unknown Source)
	at java.security.SecureClassLoader.defineClass(Unknown Source)
	at java.net.URLClassLoader.defineClass(Unknown Source)
	at java.net.URLClassLoader.access$100(Unknown Source)
	at java.net.URLClassLoader$1.run(Unknown Source)
	at java.net.URLClassLoader$1.run(Unknown Source)
	at java.security.AccessController.doPrivileged(Native Method)
	at java.net.URLClassLoader.findClass(Unknown Source)
	at java.lang.ClassLoader.loadClass(Unknown Source)
	at sun.misc.Launcher$AppClassLoader.loadClass(Unknown Source)
	at java.lang.ClassLoader.loadClass(Unknown Source)
	at java.lang.Class.forName0(Native Method)
	at java.lang.Class.forName(Unknown Source)
	at org.eclipse.osgi.internal.hookregistry.HookRegistry.loadConfigurators(HookRegistry.java:185)
	at org.eclipse.osgi.internal.hookregistry.HookRegistry.initialize(HookRegistry.java:106)
	at org.eclipse.osgi.internal.framework.EquinoxContainer.<init>(EquinoxContainer.java:64)
	at org.eclipse.osgi.launch.Equinox.<init>(Equinox.java:31)
	at org.eclipse.core.runtime.adaptor.EclipseStarter.startup(EclipseStarter.java:303)
	at org.eclipse.core.runtime.adaptor.EclipseStarter.run(EclipseStarter.java:239)
	at padl.creator.cppfile.eclipse.misc.EclipseCPPParserCaller.createCodeLevelModelUsingOSGiEmbedded(EclipseCPPParserCaller.java:123)
	at padl.creator.cppfile.eclipse.CPPCreator.create(CPPCreator.java:28)
	at padl.kernel.impl.CodeLevelModel.create(CodeLevelModel.java:41)
	at padl.generator.helper.ModelGenerator.generateModelFromCppFilesUsingEclipse(ModelGenerator.java:286)
	at padl.generator.helper.ModelGenerator.generateModelFromCppFilesUsingEclipse(ModelGenerator.java:267)
	at sad.detection.test.cppfile.qmake.FewSmellsTest.setUp(FewSmellsTest.java:43)
	at junit.framework.TestCase.runBare(TestCase.java:139)
	at junit.framework.TestResult$1.protect(TestResult.java:122)
	at junit.framework.TestResult.runProtected(TestResult.java:142)
	at junit.framework.TestResult.run(TestResult.java:125)
	at junit.framework.TestCase.run(TestCase.java:129)
	at junit.framework.TestSuite.runTest(TestSuite.java:252)
	at junit.framework.TestSuite.run(TestSuite.java:247)
	at org.eclipse.jdt.internal.junit.runner.junit3.JUnit3TestReference.run(JUnit3TestReference.java:121)
	at org.eclipse.jdt.internal.junit.runner.TestExecution.run(TestExecution.java:38)
	at org.eclipse.jdt.internal.junit.runner.RemoteTestRunner.runTests(RemoteTestRunner.java:459)
	at org.eclipse.jdt.internal.junit.runner.RemoteTestRunner.runTests(RemoteTestRunner.java:678)
	at org.eclipse.jdt.internal.junit.runner.RemoteTestRunner.run(RemoteTestRunner.java:382)
	at org.eclipse.jdt.internal.junit.runner.RemoteTestRunner.main(RemoteTestRunner.java:192)
Caused by: java.lang.ClassNotFoundException: org.eclipse.osgi.baseadaptor.HookConfigurator
	at java.net.URLClassLoader.findClass(Unknown Source)
	at java.lang.ClassLoader.loadClass(Unknown Source)
	at sun.misc.Launcher$AppClassLoader.loadClass(Unknown Source)
	at java.lang.ClassLoader.loadClass(Unknown Source)
	... 51 more

!ENTRY org.eclipse.osgi 4 0 2016-09-19 23:51:26.543
!MESSAGE Bundle reference:file:D:/Shared/Dropbox/Ptidej Workspaces/v5.2/plugins/PADL_Creator_Cpp_Eclipse_1.5.0.jar not found.

!ENTRY org.eclipse.osgi 4 0 2016-09-19 23:51:27.261
!MESSAGE Application error
!STACK 1
java.lang.NoClassDefFoundError: org/eclipse/cdt/core/dom/ast/IASTStatement
	at padl.creator.cppfile.eclipse.plugin.actions.Launcher.prepareTargetCPPFiles(Launcher.java:173)
	at padl.creator.cppfile.eclipse.plugin.actions.Launcher.start(Launcher.java:223)
	at padl.creator.cppfile.eclipse.plugin.actions.Launcher.start(Launcher.java:190)
	at org.eclipse.equinox.internal.app.EclipseAppHandle.run(EclipseAppHandle.java:196)
	at org.eclipse.core.runtime.internal.adaptor.EclipseAppLauncher.runApplication(EclipseAppLauncher.java:134)
	at org.eclipse.core.runtime.internal.adaptor.EclipseAppLauncher.start(EclipseAppLauncher.java:104)
	at org.eclipse.core.runtime.adaptor.EclipseStarter.run(EclipseStarter.java:388)
	at org.eclipse.core.runtime.adaptor.EclipseStarter.run(EclipseStarter.java:243)
	at padl.creator.cppfile.eclipse.misc.EclipseCPPParserCaller.createCodeLevelModelUsingOSGiEmbedded(EclipseCPPParserCaller.java:123)
	at padl.creator.cppfile.eclipse.CPPCreator.create(CPPCreator.java:28)
	at padl.kernel.impl.CodeLevelModel.create(CodeLevelModel.java:41)
	at padl.generator.helper.ModelGenerator.generateModelFromCppFilesUsingEclipse(ModelGenerator.java:286)
	at padl.generator.helper.ModelGenerator.generateModelFromCppFilesUsingEclipse(ModelGenerator.java:267)
	at sad.detection.test.cppfile.qmake.FewSmellsTest.setUp(FewSmellsTest.java:43)
	at junit.framework.TestCase.runBare(TestCase.java:139)
	at junit.framework.TestResult$1.protect(TestResult.java:122)
	at junit.framework.TestResult.runProtected(TestResult.java:142)
	at junit.framework.TestResult.run(TestResult.java:125)
	at junit.framework.TestCase.run(TestCase.java:129)
	at junit.framework.TestSuite.runTest(TestSuite.java:252)
	at junit.framework.TestSuite.run(TestSuite.java:247)
	at org.eclipse.jdt.internal.junit.runner.junit3.JUnit3TestReference.run(JUnit3TestReference.java:121)
	at org.eclipse.jdt.internal.junit.runner.TestExecution.run(TestExecution.java:38)
	at org.eclipse.jdt.internal.junit.runner.RemoteTestRunner.runTests(RemoteTestRunner.java:459)
	at org.eclipse.jdt.internal.junit.runner.RemoteTestRunner.runTests(RemoteTestRunner.java:678)
	at org.eclipse.jdt.internal.junit.runner.RemoteTestRunner.run(RemoteTestRunner.java:382)
	at org.eclipse.jdt.internal.junit.runner.RemoteTestRunner.main(RemoteTestRunner.java:192)
Caused by: java.lang.ClassNotFoundException: org.eclipse.cdt.core.dom.ast.IASTStatement cannot be found by PADL_Creator_Cpp_Eclipse_1.5.0
	at org.eclipse.osgi.internal.loader.BundleLoader.findClassInternal(BundleLoader.java:448)
	at org.eclipse.osgi.internal.loader.BundleLoader.findClass(BundleLoader.java:361)
	at org.eclipse.osgi.internal.loader.BundleLoader.findClass(BundleLoader.java:353)
	at org.eclipse.osgi.internal.loader.ModuleClassLoader.loadClass(ModuleClassLoader.java:161)
	at java.lang.ClassLoader.loadClass(Unknown Source)
	... 27 more
!SESSION 2016-09-19 23:51:27.428 -----------------------------------------------
eclipse.buildId=unknown
java.version=1.8.0_101
java.vendor=Oracle Corporation
BootLoader constants: OS=win32, ARCH=x86_64, WS=win32, NL=en_CA

!ENTRY org.eclipse.osgi 4 0 2016-09-19 23:51:27.428
!MESSAGE error loading hook: org.eclipse.equinox.weaving.hooks.WeavingHook
!STACK 0
java.lang.NoClassDefFoundError: org/eclipse/osgi/baseadaptor/HookConfigurator
	at java.lang.ClassLoader.defineClass1(Native Method)
	at java.lang.ClassLoader.defineClass(Unknown Source)
	at java.security.SecureClassLoader.defineClass(Unknown Source)
	at java.net.URLClassLoader.defineClass(Unknown Source)
	at java.net.URLClassLoader.access$100(Unknown Source)
	at java.net.URLClassLoader$1.run(Unknown Source)
	at java.net.URLClassLoader$1.run(Unknown Source)
	at java.security.AccessController.doPrivileged(Native Method)
	at java.net.URLClassLoader.findClass(Unknown Source)
	at java.lang.ClassLoader.loadClass(Unknown Source)
	at sun.misc.Launcher$AppClassLoader.loadClass(Unknown Source)
	at java.lang.ClassLoader.loadClass(Unknown Source)
	at java.lang.ClassLoader.defineClass1(Native Method)
	at java.lang.ClassLoader.defineClass(Unknown Source)
	at java.security.SecureClassLoader.defineClass(Unknown Source)
	at java.net.URLClassLoader.defineClass(Unknown Source)
	at java.net.URLClassLoader.access$100(Unknown Source)
	at java.net.URLClassLoader$1.run(Unknown Source)
	at java.net.URLClassLoader$1.run(Unknown Source)
	at java.security.AccessController.doPrivileged(Native Method)
	at java.net.URLClassLoader.findClass(Unknown Source)
	at java.lang.ClassLoader.loadClass(Unknown Source)
	at sun.misc.Launcher$AppClassLoader.loadClass(Unknown Source)
	at java.lang.ClassLoader.loadClass(Unknown Source)
	at java.lang.Class.forName0(Native Method)
	at java.lang.Class.forName(Unknown Source)
	at org.eclipse.osgi.internal.hookregistry.HookRegistry.loadConfigurators(HookRegistry.java:185)
	at org.eclipse.osgi.internal.hookregistry.HookRegistry.initialize(HookRegistry.java:106)
	at org.eclipse.osgi.internal.framework.EquinoxContainer.<init>(EquinoxContainer.java:64)
	at org.eclipse.osgi.launch.Equinox.<init>(Equinox.java:31)
	at org.eclipse.core.runtime.adaptor.EclipseStarter.startup(EclipseStarter.java:303)
	at org.eclipse.core.runtime.adaptor.EclipseStarter.run(EclipseStarter.java:239)
	at padl.creator.cppfile.eclipse.misc.EclipseCPPParserCaller.createCodeLevelModelUsingOSGiEmbedded(EclipseCPPParserCaller.java:123)
	at padl.creator.cppfile.eclipse.CPPCreator.create(CPPCreator.java:28)
	at padl.kernel.impl.CodeLevelModel.create(CodeLevelModel.java:41)
	at padl.generator.helper.ModelGenerator.generateModelFromCppFilesUsingEclipse(ModelGenerator.java:286)
	at padl.generator.helper.ModelGenerator.generateModelFromCppFilesUsingEclipse(ModelGenerator.java:267)
	at sad.detection.test.cppfile.qmake.FewSmellsTest.setUp(FewSmellsTest.java:43)
	at junit.framework.TestCase.runBare(TestCase.java:139)
	at junit.framework.TestResult$1.protect(TestResult.java:122)
	at junit.framework.TestResult.runProtected(TestResult.java:142)
	at junit.framework.TestResult.run(TestResult.java:125)
	at junit.framework.TestCase.run(TestCase.java:129)
	at junit.framework.TestSuite.runTest(TestSuite.java:252)
	at junit.framework.TestSuite.run(TestSuite.java:247)
	at org.eclipse.jdt.internal.junit.runner.junit3.JUnit3TestReference.run(JUnit3TestReference.java:121)
	at org.eclipse.jdt.internal.junit.runner.TestExecution.run(TestExecution.java:38)
	at org.eclipse.jdt.internal.junit.runner.RemoteTestRunner.runTests(RemoteTestRunner.java:459)
	at org.eclipse.jdt.internal.junit.runner.RemoteTestRunner.runTests(RemoteTestRunner.java:678)
	at org.eclipse.jdt.internal.junit.runner.RemoteTestRunner.run(RemoteTestRunner.java:382)
	at org.eclipse.jdt.internal.junit.runner.RemoteTestRunner.main(RemoteTestRunner.java:192)
Caused by: java.lang.ClassNotFoundException: org.eclipse.osgi.baseadaptor.HookConfigurator
	at java.net.URLClassLoader.findClass(Unknown Source)
	at java.lang.ClassLoader.loadClass(Unknown Source)
	at sun.misc.Launcher$AppClassLoader.loadClass(Unknown Source)
	at java.lang.ClassLoader.loadClass(Unknown Source)
	... 51 more

!ENTRY org.eclipse.osgi 4 0 2016-09-19 23:51:27.481
!MESSAGE Bundle reference:file:D:/Shared/Dropbox/Ptidej Workspaces/v5.2/plugins/PADL_Creator_Cpp_Eclipse_1.5.0.jar not found.

!ENTRY org.eclipse.osgi 4 0 2016-09-19 23:51:27.981
!MESSAGE Application error
!STACK 1
java.lang.NoClassDefFoundError: org/eclipse/cdt/core/dom/ast/IASTStatement
	at padl.creator.cppfile.eclipse.plugin.actions.Launcher.prepareTargetCPPFiles(Launcher.java:173)
	at padl.creator.cppfile.eclipse.plugin.actions.Launcher.start(Launcher.java:223)
	at padl.creator.cppfile.eclipse.plugin.actions.Launcher.start(Launcher.java:190)
	at org.eclipse.equinox.internal.app.EclipseAppHandle.run(EclipseAppHandle.java:196)
	at org.eclipse.core.runtime.internal.adaptor.EclipseAppLauncher.runApplication(EclipseAppLauncher.java:134)
	at org.eclipse.core.runtime.internal.adaptor.EclipseAppLauncher.start(EclipseAppLauncher.java:104)
	at org.eclipse.core.runtime.adaptor.EclipseStarter.run(EclipseStarter.java:388)
	at org.eclipse.core.runtime.adaptor.EclipseStarter.run(EclipseStarter.java:243)
	at padl.creator.cppfile.eclipse.misc.EclipseCPPParserCaller.createCodeLevelModelUsingOSGiEmbedded(EclipseCPPParserCaller.java:123)
	at padl.creator.cppfile.eclipse.CPPCreator.create(CPPCreator.java:28)
	at padl.kernel.impl.CodeLevelModel.create(CodeLevelModel.java:41)
	at padl.generator.helper.ModelGenerator.generateModelFromCppFilesUsingEclipse(ModelGenerator.java:286)
	at padl.generator.helper.ModelGenerator.generateModelFromCppFilesUsingEclipse(ModelGenerator.java:267)
	at sad.detection.test.cppfile.qmake.FewSmellsTest.setUp(FewSmellsTest.java:43)
	at junit.framework.TestCase.runBare(TestCase.java:139)
	at junit.framework.TestResult$1.protect(TestResult.java:122)
	at junit.framework.TestResult.runProtected(TestResult.java:142)
	at junit.framework.TestResult.run(TestResult.java:125)
	at junit.framework.TestCase.run(TestCase.java:129)
	at junit.framework.TestSuite.runTest(TestSuite.java:252)
	at junit.framework.TestSuite.run(TestSuite.java:247)
	at org.eclipse.jdt.internal.junit.runner.junit3.JUnit3TestReference.run(JUnit3TestReference.java:121)
	at org.eclipse.jdt.internal.junit.runner.TestExecution.run(TestExecution.java:38)
	at org.eclipse.jdt.internal.junit.runner.RemoteTestRunner.runTests(RemoteTestRunner.java:459)
	at org.eclipse.jdt.internal.junit.runner.RemoteTestRunner.runTests(RemoteTestRunner.java:678)
	at org.eclipse.jdt.internal.junit.runner.RemoteTestRunner.run(RemoteTestRunner.java:382)
	at org.eclipse.jdt.internal.junit.runner.RemoteTestRunner.main(RemoteTestRunner.java:192)
Caused by: java.lang.ClassNotFoundException: org.eclipse.cdt.core.dom.ast.IASTStatement cannot be found by PADL_Creator_Cpp_Eclipse_1.5.0
	at org.eclipse.osgi.internal.loader.BundleLoader.findClassInternal(BundleLoader.java:448)
	at org.eclipse.osgi.internal.loader.BundleLoader.findClass(BundleLoader.java:361)
	at org.eclipse.osgi.internal.loader.BundleLoader.findClass(BundleLoader.java:353)
	at org.eclipse.osgi.internal.loader.ModuleClassLoader.loadClass(ModuleClassLoader.java:161)
	at java.lang.ClassLoader.loadClass(Unknown Source)
	... 27 more
!SESSION 2016-09-19 23:51:28.211 -----------------------------------------------
eclipse.buildId=unknown
java.version=1.8.0_101
java.vendor=Oracle Corporation
BootLoader constants: OS=win32, ARCH=x86_64, WS=win32, NL=en_CA

!ENTRY org.eclipse.osgi 4 0 2016-09-19 23:51:28.211
!MESSAGE error loading hook: org.eclipse.equinox.weaving.hooks.WeavingHook
!STACK 0
java.lang.NoClassDefFoundError: org/eclipse/osgi/baseadaptor/HookConfigurator
	at java.lang.ClassLoader.defineClass1(Native Method)
	at java.lang.ClassLoader.defineClass(Unknown Source)
	at java.security.SecureClassLoader.defineClass(Unknown Source)
	at java.net.URLClassLoader.defineClass(Unknown Source)
	at java.net.URLClassLoader.access$100(Unknown Source)
	at java.net.URLClassLoader$1.run(Unknown Source)
	at java.net.URLClassLoader$1.run(Unknown Source)
	at java.security.AccessController.doPrivileged(Native Method)
	at java.net.URLClassLoader.findClass(Unknown Source)
	at java.lang.ClassLoader.loadClass(Unknown Source)
	at sun.misc.Launcher$AppClassLoader.loadClass(Unknown Source)
	at java.lang.ClassLoader.loadClass(Unknown Source)
	at java.lang.ClassLoader.defineClass1(Native Method)
	at java.lang.ClassLoader.defineClass(Unknown Source)
	at java.security.SecureClassLoader.defineClass(Unknown Source)
	at java.net.URLClassLoader.defineClass(Unknown Source)
	at java.net.URLClassLoader.access$100(Unknown Source)
	at java.net.URLClassLoader$1.run(Unknown Source)
	at java.net.URLClassLoader$1.run(Unknown Source)
	at java.security.AccessController.doPrivileged(Native Method)
	at java.net.URLClassLoader.findClass(Unknown Source)
	at java.lang.ClassLoader.loadClass(Unknown Source)
	at sun.misc.Launcher$AppClassLoader.loadClass(Unknown Source)
	at java.lang.ClassLoader.loadClass(Unknown Source)
	at java.lang.Class.forName0(Native Method)
	at java.lang.Class.forName(Unknown Source)
	at org.eclipse.osgi.internal.hookregistry.HookRegistry.loadConfigurators(HookRegistry.java:185)
	at org.eclipse.osgi.internal.hookregistry.HookRegistry.initialize(HookRegistry.java:106)
	at org.eclipse.osgi.internal.framework.EquinoxContainer.<init>(EquinoxContainer.java:64)
	at org.eclipse.osgi.launch.Equinox.<init>(Equinox.java:31)
	at org.eclipse.core.runtime.adaptor.EclipseStarter.startup(EclipseStarter.java:303)
	at org.eclipse.core.runtime.adaptor.EclipseStarter.run(EclipseStarter.java:239)
	at padl.creator.cppfile.eclipse.misc.EclipseCPPParserCaller.createCodeLevelModelUsingOSGiEmbedded(EclipseCPPParserCaller.java:123)
	at padl.creator.cppfile.eclipse.CPPCreator.create(CPPCreator.java:28)
	at padl.kernel.impl.CodeLevelModel.create(CodeLevelModel.java:41)
	at padl.generator.helper.ModelGenerator.generateModelFromCppFilesUsingEclipse(ModelGenerator.java:286)
	at padl.generator.helper.ModelGenerator.generateModelFromCppFilesUsingEclipse(ModelGenerator.java:267)
	at sad.detection.test.cppfile.qmake.FewSmellsTest.setUp(FewSmellsTest.java:43)
	at junit.framework.TestCase.runBare(TestCase.java:139)
	at junit.framework.TestResult$1.protect(TestResult.java:122)
	at junit.framework.TestResult.runProtected(TestResult.java:142)
	at junit.framework.TestResult.run(TestResult.java:125)
	at junit.framework.TestCase.run(TestCase.java:129)
	at junit.framework.TestSuite.runTest(TestSuite.java:252)
	at junit.framework.TestSuite.run(TestSuite.java:247)
	at org.eclipse.jdt.internal.junit.runner.junit3.JUnit3TestReference.run(JUnit3TestReference.java:121)
	at org.eclipse.jdt.internal.junit.runner.TestExecution.run(TestExecution.java:38)
	at org.eclipse.jdt.internal.junit.runner.RemoteTestRunner.runTests(RemoteTestRunner.java:459)
	at org.eclipse.jdt.internal.junit.runner.RemoteTestRunner.runTests(RemoteTestRunner.java:678)
	at org.eclipse.jdt.internal.junit.runner.RemoteTestRunner.run(RemoteTestRunner.java:382)
	at org.eclipse.jdt.internal.junit.runner.RemoteTestRunner.main(RemoteTestRunner.java:192)
Caused by: java.lang.ClassNotFoundException: org.eclipse.osgi.baseadaptor.HookConfigurator
	at java.net.URLClassLoader.findClass(Unknown Source)
	at java.lang.ClassLoader.loadClass(Unknown Source)
	at sun.misc.Launcher$AppClassLoader.loadClass(Unknown Source)
	at java.lang.ClassLoader.loadClass(Unknown Source)
	... 51 more

!ENTRY org.eclipse.osgi 4 0 2016-09-19 23:51:28.302
!MESSAGE Bundle reference:file:D:/Shared/Dropbox/Ptidej Workspaces/v5.2/plugins/PADL_Creator_Cpp_Eclipse_1.5.0.jar not found.

!ENTRY org.eclipse.osgi 4 0 2016-09-19 23:51:28.792
!MESSAGE Application error
!STACK 1
java.lang.NoClassDefFoundError: org/eclipse/cdt/core/dom/ast/IASTStatement
	at padl.creator.cppfile.eclipse.plugin.actions.Launcher.prepareTargetCPPFiles(Launcher.java:173)
	at padl.creator.cppfile.eclipse.plugin.actions.Launcher.start(Launcher.java:223)
	at padl.creator.cppfile.eclipse.plugin.actions.Launcher.start(Launcher.java:190)
	at org.eclipse.equinox.internal.app.EclipseAppHandle.run(EclipseAppHandle.java:196)
	at org.eclipse.core.runtime.internal.adaptor.EclipseAppLauncher.runApplication(EclipseAppLauncher.java:134)
	at org.eclipse.core.runtime.internal.adaptor.EclipseAppLauncher.start(EclipseAppLauncher.java:104)
	at org.eclipse.core.runtime.adaptor.EclipseStarter.run(EclipseStarter.java:388)
	at org.eclipse.core.runtime.adaptor.EclipseStarter.run(EclipseStarter.java:243)
	at padl.creator.cppfile.eclipse.misc.EclipseCPPParserCaller.createCodeLevelModelUsingOSGiEmbedded(EclipseCPPParserCaller.java:123)
	at padl.creator.cppfile.eclipse.CPPCreator.create(CPPCreator.java:28)
	at padl.kernel.impl.CodeLevelModel.create(CodeLevelModel.java:41)
	at padl.generator.helper.ModelGenerator.generateModelFromCppFilesUsingEclipse(ModelGenerator.java:286)
	at padl.generator.helper.ModelGenerator.generateModelFromCppFilesUsingEclipse(ModelGenerator.java:267)
	at sad.detection.test.cppfile.qmake.FewSmellsTest.setUp(FewSmellsTest.java:43)
	at junit.framework.TestCase.runBare(TestCase.java:139)
	at junit.framework.TestResult$1.protect(TestResult.java:122)
	at junit.framework.TestResult.runProtected(TestResult.java:142)
	at junit.framework.TestResult.run(TestResult.java:125)
	at junit.framework.TestCase.run(TestCase.java:129)
	at junit.framework.TestSuite.runTest(TestSuite.java:252)
	at junit.framework.TestSuite.run(TestSuite.java:247)
	at org.eclipse.jdt.internal.junit.runner.junit3.JUnit3TestReference.run(JUnit3TestReference.java:121)
	at org.eclipse.jdt.internal.junit.runner.TestExecution.run(TestExecution.java:38)
	at org.eclipse.jdt.internal.junit.runner.RemoteTestRunner.runTests(RemoteTestRunner.java:459)
	at org.eclipse.jdt.internal.junit.runner.RemoteTestRunner.runTests(RemoteTestRunner.java:678)
	at org.eclipse.jdt.internal.junit.runner.RemoteTestRunner.run(RemoteTestRunner.java:382)
	at org.eclipse.jdt.internal.junit.runner.RemoteTestRunner.main(RemoteTestRunner.java:192)
Caused by: java.lang.ClassNotFoundException: org.eclipse.cdt.core.dom.ast.IASTStatement cannot be found by PADL_Creator_Cpp_Eclipse_1.5.0
	at org.eclipse.osgi.internal.loader.BundleLoader.findClassInternal(BundleLoader.java:448)
	at org.eclipse.osgi.internal.loader.BundleLoader.findClass(BundleLoader.java:361)
	at org.eclipse.osgi.internal.loader.BundleLoader.findClass(BundleLoader.java:353)
	at org.eclipse.osgi.internal.loader.ModuleClassLoader.loadClass(ModuleClassLoader.java:161)
	at java.lang.ClassLoader.loadClass(Unknown Source)
	... 27 more
!SESSION 2016-09-19 23:51:28.966 -----------------------------------------------
eclipse.buildId=unknown
java.version=1.8.0_101
java.vendor=Oracle Corporation
BootLoader constants: OS=win32, ARCH=x86_64, WS=win32, NL=en_CA

!ENTRY org.eclipse.osgi 4 0 2016-09-19 23:51:28.966
!MESSAGE error loading hook: org.eclipse.equinox.weaving.hooks.WeavingHook
!STACK 0
java.lang.NoClassDefFoundError: org/eclipse/osgi/baseadaptor/HookConfigurator
	at java.lang.ClassLoader.defineClass1(Native Method)
	at java.lang.ClassLoader.defineClass(Unknown Source)
	at java.security.SecureClassLoader.defineClass(Unknown Source)
	at java.net.URLClassLoader.defineClass(Unknown Source)
	at java.net.URLClassLoader.access$100(Unknown Source)
	at java.net.URLClassLoader$1.run(Unknown Source)
	at java.net.URLClassLoader$1.run(Unknown Source)
	at java.security.AccessController.doPrivileged(Native Method)
	at java.net.URLClassLoader.findClass(Unknown Source)
	at java.lang.ClassLoader.loadClass(Unknown Source)
	at sun.misc.Launcher$AppClassLoader.loadClass(Unknown Source)
	at java.lang.ClassLoader.loadClass(Unknown Source)
	at java.lang.ClassLoader.defineClass1(Native Method)
	at java.lang.ClassLoader.defineClass(Unknown Source)
	at java.security.SecureClassLoader.defineClass(Unknown Source)
	at java.net.URLClassLoader.defineClass(Unknown Source)
	at java.net.URLClassLoader.access$100(Unknown Source)
	at java.net.URLClassLoader$1.run(Unknown Source)
	at java.net.URLClassLoader$1.run(Unknown Source)
	at java.security.AccessController.doPrivileged(Native Method)
	at java.net.URLClassLoader.findClass(Unknown Source)
	at java.lang.ClassLoader.loadClass(Unknown Source)
	at sun.misc.Launcher$AppClassLoader.loadClass(Unknown Source)
	at java.lang.ClassLoader.loadClass(Unknown Source)
	at java.lang.Class.forName0(Native Method)
	at java.lang.Class.forName(Unknown Source)
	at org.eclipse.osgi.internal.hookregistry.HookRegistry.loadConfigurators(HookRegistry.java:185)
	at org.eclipse.osgi.internal.hookregistry.HookRegistry.initialize(HookRegistry.java:106)
	at org.eclipse.osgi.internal.framework.EquinoxContainer.<init>(EquinoxContainer.java:64)
	at org.eclipse.osgi.launch.Equinox.<init>(Equinox.java:31)
	at org.eclipse.core.runtime.adaptor.EclipseStarter.startup(EclipseStarter.java:303)
	at org.eclipse.core.runtime.adaptor.EclipseStarter.run(EclipseStarter.java:239)
	at padl.creator.cppfile.eclipse.misc.EclipseCPPParserCaller.createCodeLevelModelUsingOSGiEmbedded(EclipseCPPParserCaller.java:123)
	at padl.creator.cppfile.eclipse.CPPCreator.create(CPPCreator.java:28)
	at padl.kernel.impl.CodeLevelModel.create(CodeLevelModel.java:41)
	at padl.generator.helper.ModelGenerator.generateModelFromCppFilesUsingEclipse(ModelGenerator.java:286)
	at padl.generator.helper.ModelGenerator.generateModelFromCppFilesUsingEclipse(ModelGenerator.java:267)
	at sad.detection.test.cppfile.qmake.FewSmellsTest.setUp(FewSmellsTest.java:43)
	at junit.framework.TestCase.runBare(TestCase.java:139)
	at junit.framework.TestResult$1.protect(TestResult.java:122)
	at junit.framework.TestResult.runProtected(TestResult.java:142)
	at junit.framework.TestResult.run(TestResult.java:125)
	at junit.framework.TestCase.run(TestCase.java:129)
	at junit.framework.TestSuite.runTest(TestSuite.java:252)
	at junit.framework.TestSuite.run(TestSuite.java:247)
	at org.eclipse.jdt.internal.junit.runner.junit3.JUnit3TestReference.run(JUnit3TestReference.java:121)
	at org.eclipse.jdt.internal.junit.runner.TestExecution.run(TestExecution.java:38)
	at org.eclipse.jdt.internal.junit.runner.RemoteTestRunner.runTests(RemoteTestRunner.java:459)
	at org.eclipse.jdt.internal.junit.runner.RemoteTestRunner.runTests(RemoteTestRunner.java:678)
	at org.eclipse.jdt.internal.junit.runner.RemoteTestRunner.run(RemoteTestRunner.java:382)
	at org.eclipse.jdt.internal.junit.runner.RemoteTestRunner.main(RemoteTestRunner.java:192)
Caused by: java.lang.ClassNotFoundException: org.eclipse.osgi.baseadaptor.HookConfigurator
	at java.net.URLClassLoader.findClass(Unknown Source)
	at java.lang.ClassLoader.loadClass(Unknown Source)
	at sun.misc.Launcher$AppClassLoader.loadClass(Unknown Source)
	at java.lang.ClassLoader.loadClass(Unknown Source)
	... 51 more

!ENTRY org.eclipse.osgi 4 0 2016-09-19 23:51:29.030
!MESSAGE Bundle reference:file:D:/Shared/Dropbox/Ptidej Workspaces/v5.2/plugins/PADL_Creator_Cpp_Eclipse_1.5.0.jar not found.

!ENTRY org.eclipse.osgi 4 0 2016-09-19 23:51:29.443
!MESSAGE Application error
!STACK 1
java.lang.NoClassDefFoundError: org/eclipse/cdt/core/dom/ast/IASTStatement
	at padl.creator.cppfile.eclipse.plugin.actions.Launcher.prepareTargetCPPFiles(Launcher.java:173)
	at padl.creator.cppfile.eclipse.plugin.actions.Launcher.start(Launcher.java:223)
	at padl.creator.cppfile.eclipse.plugin.actions.Launcher.start(Launcher.java:190)
	at org.eclipse.equinox.internal.app.EclipseAppHandle.run(EclipseAppHandle.java:196)
	at org.eclipse.core.runtime.internal.adaptor.EclipseAppLauncher.runApplication(EclipseAppLauncher.java:134)
	at org.eclipse.core.runtime.internal.adaptor.EclipseAppLauncher.start(EclipseAppLauncher.java:104)
	at org.eclipse.core.runtime.adaptor.EclipseStarter.run(EclipseStarter.java:388)
	at org.eclipse.core.runtime.adaptor.EclipseStarter.run(EclipseStarter.java:243)
	at padl.creator.cppfile.eclipse.misc.EclipseCPPParserCaller.createCodeLevelModelUsingOSGiEmbedded(EclipseCPPParserCaller.java:123)
	at padl.creator.cppfile.eclipse.CPPCreator.create(CPPCreator.java:28)
	at padl.kernel.impl.CodeLevelModel.create(CodeLevelModel.java:41)
	at padl.generator.helper.ModelGenerator.generateModelFromCppFilesUsingEclipse(ModelGenerator.java:286)
	at padl.generator.helper.ModelGenerator.generateModelFromCppFilesUsingEclipse(ModelGenerator.java:267)
	at sad.detection.test.cppfile.qmake.FewSmellsTest.setUp(FewSmellsTest.java:43)
	at junit.framework.TestCase.runBare(TestCase.java:139)
	at junit.framework.TestResult$1.protect(TestResult.java:122)
	at junit.framework.TestResult.runProtected(TestResult.java:142)
	at junit.framework.TestResult.run(TestResult.java:125)
	at junit.framework.TestCase.run(TestCase.java:129)
	at junit.framework.TestSuite.runTest(TestSuite.java:252)
	at junit.framework.TestSuite.run(TestSuite.java:247)
	at org.eclipse.jdt.internal.junit.runner.junit3.JUnit3TestReference.run(JUnit3TestReference.java:121)
	at org.eclipse.jdt.internal.junit.runner.TestExecution.run(TestExecution.java:38)
	at org.eclipse.jdt.internal.junit.runner.RemoteTestRunner.runTests(RemoteTestRunner.java:459)
	at org.eclipse.jdt.internal.junit.runner.RemoteTestRunner.runTests(RemoteTestRunner.java:678)
	at org.eclipse.jdt.internal.junit.runner.RemoteTestRunner.run(RemoteTestRunner.java:382)
	at org.eclipse.jdt.internal.junit.runner.RemoteTestRunner.main(RemoteTestRunner.java:192)
Caused by: java.lang.ClassNotFoundException: org.eclipse.cdt.core.dom.ast.IASTStatement cannot be found by PADL_Creator_Cpp_Eclipse_1.5.0
	at org.eclipse.osgi.internal.loader.BundleLoader.findClassInternal(BundleLoader.java:448)
	at org.eclipse.osgi.internal.loader.BundleLoader.findClass(BundleLoader.java:361)
	at org.eclipse.osgi.internal.loader.BundleLoader.findClass(BundleLoader.java:353)
	at org.eclipse.osgi.internal.loader.ModuleClassLoader.loadClass(ModuleClassLoader.java:161)
	at java.lang.ClassLoader.loadClass(Unknown Source)
	... 27 more
