No source name|-1|classLoad0|fr.emn.metaj.original.Instance|-1|-1|No comment|void
BaseClass.java|64|constructorEntry0|fr.emn.metaj.original.Instance|1480|-1|No comment|void
No source name|-1|classLoad0|fr.emn.metaj.original.BaseInstance|-1|-1|No comment|void
Instance.java|12|constructorEntry0|fr.emn.metaj.original.BaseInstance|1481|-1|No comment|void
BaseInstance.java|10|methodEntry0|setInstanceLink|1481|1481|fr.emn.metaj.original.BaseInstance|void
BaseInstance.java|10|methodExit0|setInstanceLink|1481|1481|fr.emn.metaj.original.BaseInstance|com.sun.tools.jdi.ObjectReferenceImpl@1479
BaseInstance.java|11|methodEntry0|setDataList|1481|1481|fr.emn.metaj.original.BaseInstance|void
BaseInstance.java|11|methodExit0|setDataList|1481|1481|fr.emn.metaj.original.BaseInstance|void
Instance.java|12|fieldModification0|referent|1481|1480|fr.emn.metaj.original.BaseInstance|fr.emn.metaj.original.Instance
Instance.java|12|constructorExit0|fr.emn.metaj.original.BaseInstance|1481|-1|No comment|void
BaseClass.java|64|constructorExit0|fr.emn.metaj.original.Instance|1480|-1|No comment|void
ExpNew.java|21|methodEntry0|getInstanceLink|1064|1480|fr.emn.metaj.original.Instance|void
Instance.java|48|methodEntry0|getInstanceLink|1480|1481|fr.emn.metaj.original.BaseInstance|void
Instance.java|48|methodExit0|getInstanceLink|1480|1481|fr.emn.metaj.original.BaseInstance|com.sun.tools.jdi.ObjectReferenceImpl@1456
ExpNew.java|21|methodExit0|getInstanceLink|1064|1480|fr.emn.metaj.original.Instance|com.sun.tools.jdi.ObjectReferenceImpl@1456
ExpNew.java|26|methodEntry0|lookupMethod|1064|1480|fr.emn.metaj.original.Instance|void
Instance.java|78|methodEntry0|lookupMethod|1480|1481|fr.emn.metaj.original.BaseInstance|void
Instance.java|78|fieldAccess0|referent|1481|-1|fr.emn.metaj.original.BaseInstance|void
BaseInstance.java|25|methodEntry0|getInstanceLink|1481|1480|fr.emn.metaj.original.Instance|void
Instance.java|48|methodEntry0|getInstanceLink|1480|1481|fr.emn.metaj.original.BaseInstance|void
Instance.java|48|methodExit0|getInstanceLink|1480|1481|fr.emn.metaj.original.BaseInstance|com.sun.tools.jdi.ObjectReferenceImpl@1456
BaseInstance.java|25|methodExit0|getInstanceLink|1481|1480|fr.emn.metaj.original.Instance|com.sun.tools.jdi.ObjectReferenceImpl@1456
Instance.java|78|methodExit0|lookupMethod|1480|1481|fr.emn.metaj.original.BaseInstance|com.sun.tools.jdi.ObjectReferenceImpl@1019
ExpNew.java|26|methodExit0|lookupMethod|1064|1480|fr.emn.metaj.original.Instance|com.sun.tools.jdi.ObjectReferenceImpl@1019
ExpData.java|21|methodEntry0|lookupData|1011|1480|fr.emn.metaj.original.Instance|void
Instance.java|64|methodEntry0|lookupData|1480|1481|fr.emn.metaj.original.BaseInstance|void
Instance.java|64|fieldAccess0|referent|1481|-1|fr.emn.metaj.original.BaseInstance|void
BaseInstance.java|20|methodEntry0|getDataList|1481|1480|fr.emn.metaj.original.Instance|void
Instance.java|35|methodEntry0|getDataList|1480|1481|fr.emn.metaj.original.BaseInstance|void
Instance.java|35|methodExit0|getDataList|1480|1481|fr.emn.metaj.original.BaseInstance|com.sun.tools.jdi.ObjectReferenceImpl@1479
BaseInstance.java|20|methodExit0|getDataList|1481|1480|fr.emn.metaj.original.Instance|com.sun.tools.jdi.ObjectReferenceImpl@1479
Instance.java|64|methodExit0|lookupData|1480|1481|fr.emn.metaj.original.BaseInstance|com.sun.tools.jdi.ObjectReferenceImpl@1476
ExpData.java|21|methodExit0|lookupData|1011|1480|fr.emn.metaj.original.Instance|com.sun.tools.jdi.ObjectReferenceImpl@1476
ExpData.java|21|methodEntry0|lookupData|1015|1480|fr.emn.metaj.original.Instance|void
Instance.java|64|methodEntry0|lookupData|1480|1481|fr.emn.metaj.original.BaseInstance|void
Instance.java|64|fieldAccess0|referent|1481|-1|fr.emn.metaj.original.BaseInstance|void
BaseInstance.java|20|methodEntry0|getDataList|1481|1480|fr.emn.metaj.original.Instance|void
Instance.java|35|methodEntry0|getDataList|1480|1481|fr.emn.metaj.original.BaseInstance|void
Instance.java|35|methodExit0|getDataList|1480|1481|fr.emn.metaj.original.BaseInstance|com.sun.tools.jdi.ObjectReferenceImpl@1479
BaseInstance.java|20|methodExit0|getDataList|1481|1480|fr.emn.metaj.original.Instance|com.sun.tools.jdi.ObjectReferenceImpl@1479
Instance.java|64|methodExit0|lookupData|1480|1481|fr.emn.metaj.original.BaseInstance|com.sun.tools.jdi.ObjectReferenceImpl@1478
ExpData.java|21|methodExit0|lookupData|1015|1480|fr.emn.metaj.original.Instance|com.sun.tools.jdi.ObjectReferenceImpl@1478
ExpMethod.java|110|methodEntry0|lookupMethod|1068|1480|fr.emn.metaj.original.Instance|void
Instance.java|78|methodEntry0|lookupMethod|1480|1481|fr.emn.metaj.original.BaseInstance|void
Instance.java|78|fieldAccess0|referent|1481|-1|fr.emn.metaj.original.BaseInstance|void
BaseInstance.java|25|methodEntry0|getInstanceLink|1481|1480|fr.emn.metaj.original.Instance|void
Instance.java|48|methodEntry0|getInstanceLink|1480|1481|fr.emn.metaj.original.BaseInstance|void
Instance.java|48|methodExit0|getInstanceLink|1480|1481|fr.emn.metaj.original.BaseInstance|com.sun.tools.jdi.ObjectReferenceImpl@1456
BaseInstance.java|25|methodExit0|getInstanceLink|1481|1480|fr.emn.metaj.original.Instance|com.sun.tools.jdi.ObjectReferenceImpl@1456
Instance.java|78|methodExit0|lookupMethod|1480|1481|fr.emn.metaj.original.BaseInstance|com.sun.tools.jdi.ObjectReferenceImpl@1033
ExpMethod.java|110|methodExit0|lookupMethod|1068|1480|fr.emn.metaj.original.Instance|com.sun.tools.jdi.ObjectReferenceImpl@1033
ExpData.java|21|methodEntry0|lookupData|1024|1480|fr.emn.metaj.original.Instance|void
Instance.java|64|methodEntry0|lookupData|1480|1481|fr.emn.metaj.original.BaseInstance|void
Instance.java|64|fieldAccess0|referent|1481|-1|fr.emn.metaj.original.BaseInstance|void
BaseInstance.java|20|methodEntry0|getDataList|1481|1480|fr.emn.metaj.original.Instance|void
Instance.java|35|methodEntry0|getDataList|1480|1481|fr.emn.metaj.original.BaseInstance|void
Instance.java|35|methodExit0|getDataList|1480|1481|fr.emn.metaj.original.BaseInstance|com.sun.tools.jdi.ObjectReferenceImpl@1479
BaseInstance.java|20|methodExit0|getDataList|1481|1480|fr.emn.metaj.original.Instance|com.sun.tools.jdi.ObjectReferenceImpl@1479
Instance.java|64|methodExit0|lookupData|1480|1481|fr.emn.metaj.original.BaseInstance|com.sun.tools.jdi.ObjectReferenceImpl@1476
ExpData.java|21|methodExit0|lookupData|1024|1480|fr.emn.metaj.original.Instance|com.sun.tools.jdi.ObjectReferenceImpl@1476
ExpData.java|21|methodEntry0|lookupData|1027|1480|fr.emn.metaj.original.Instance|void
Instance.java|64|methodEntry0|lookupData|1480|1481|fr.emn.metaj.original.BaseInstance|void
Instance.java|64|fieldAccess0|referent|1481|-1|fr.emn.metaj.original.BaseInstance|void
BaseInstance.java|20|methodEntry0|getDataList|1481|1480|fr.emn.metaj.original.Instance|void
Instance.java|35|methodEntry0|getDataList|1480|1481|fr.emn.metaj.original.BaseInstance|void
Instance.java|35|methodExit0|getDataList|1480|1481|fr.emn.metaj.original.BaseInstance|com.sun.tools.jdi.ObjectReferenceImpl@1479
BaseInstance.java|20|methodExit0|getDataList|1481|1480|fr.emn.metaj.original.Instance|com.sun.tools.jdi.ObjectReferenceImpl@1479
Instance.java|64|methodExit0|lookupData|1480|1481|fr.emn.metaj.original.BaseInstance|com.sun.tools.jdi.ObjectReferenceImpl@1478
ExpData.java|21|methodExit0|lookupData|1027|1480|fr.emn.metaj.original.Instance|com.sun.tools.jdi.ObjectReferenceImpl@1478
ExpMethod.java|110|methodEntry0|lookupMethod|1073|1480|fr.emn.metaj.original.Instance|void
Instance.java|78|methodEntry0|lookupMethod|1480|1481|fr.emn.metaj.original.BaseInstance|void
Instance.java|78|fieldAccess0|referent|1481|-1|fr.emn.metaj.original.BaseInstance|void
BaseInstance.java|25|methodEntry0|getInstanceLink|1481|1480|fr.emn.metaj.original.Instance|void
Instance.java|48|methodEntry0|getInstanceLink|1480|1481|fr.emn.metaj.original.BaseInstance|void
Instance.java|48|methodExit0|getInstanceLink|1480|1481|fr.emn.metaj.original.BaseInstance|com.sun.tools.jdi.ObjectReferenceImpl@1456
BaseInstance.java|25|methodExit0|getInstanceLink|1481|1480|fr.emn.metaj.original.Instance|com.sun.tools.jdi.ObjectReferenceImpl@1456
Instance.java|78|methodExit0|lookupMethod|1480|1481|fr.emn.metaj.original.BaseInstance|com.sun.tools.jdi.ObjectReferenceImpl@1051
ExpMethod.java|110|methodExit0|lookupMethod|1073|1480|fr.emn.metaj.original.Instance|com.sun.tools.jdi.ObjectReferenceImpl@1051
ExpData.java|21|methodEntry0|lookupData|1038|1480|fr.emn.metaj.original.Instance|void
Instance.java|64|methodEntry0|lookupData|1480|1481|fr.emn.metaj.original.BaseInstance|void
Instance.java|64|fieldAccess0|referent|1481|-1|fr.emn.metaj.original.BaseInstance|void
BaseInstance.java|20|methodEntry0|getDataList|1481|1480|fr.emn.metaj.original.Instance|void
Instance.java|35|methodEntry0|getDataList|1480|1481|fr.emn.metaj.original.BaseInstance|void
Instance.java|35|methodExit0|getDataList|1480|1481|fr.emn.metaj.original.BaseInstance|com.sun.tools.jdi.ObjectReferenceImpl@1479
BaseInstance.java|20|methodExit0|getDataList|1481|1480|fr.emn.metaj.original.Instance|com.sun.tools.jdi.ObjectReferenceImpl@1479
Instance.java|64|methodExit0|lookupData|1480|1481|fr.emn.metaj.original.BaseInstance|com.sun.tools.jdi.ObjectReferenceImpl@1476
ExpData.java|21|methodExit0|lookupData|1038|1480|fr.emn.metaj.original.Instance|com.sun.tools.jdi.ObjectReferenceImpl@1476
ExpData.java|21|methodEntry0|lookupData|1043|1480|fr.emn.metaj.original.Instance|void
Instance.java|64|methodEntry0|lookupData|1480|1481|fr.emn.metaj.original.BaseInstance|void
Instance.java|64|fieldAccess0|referent|1481|-1|fr.emn.metaj.original.BaseInstance|void
BaseInstance.java|20|methodEntry0|getDataList|1481|1480|fr.emn.metaj.original.Instance|void
Instance.java|35|methodEntry0|getDataList|1480|1481|fr.emn.metaj.original.BaseInstance|void
Instance.java|35|methodExit0|getDataList|1480|1481|fr.emn.metaj.original.BaseInstance|com.sun.tools.jdi.ObjectReferenceImpl@1479
BaseInstance.java|20|methodExit0|getDataList|1481|1480|fr.emn.metaj.original.Instance|com.sun.tools.jdi.ObjectReferenceImpl@1479
Instance.java|64|methodExit0|lookupData|1480|1481|fr.emn.metaj.original.BaseInstance|com.sun.tools.jdi.ObjectReferenceImpl@1478
ExpData.java|21|methodExit0|lookupData|1043|1480|fr.emn.metaj.original.Instance|com.sun.tools.jdi.ObjectReferenceImpl@1478
ExpData.java|21|methodEntry0|lookupData|1041|1480|fr.emn.metaj.original.Instance|void
Instance.java|64|methodEntry0|lookupData|1480|1481|fr.emn.metaj.original.BaseInstance|void
Instance.java|64|fieldAccess0|referent|1481|-1|fr.emn.metaj.original.BaseInstance|void
BaseInstance.java|20|methodEntry0|getDataList|1481|1480|fr.emn.metaj.original.Instance|void
Instance.java|35|methodEntry0|getDataList|1480|1481|fr.emn.metaj.original.BaseInstance|void
Instance.java|35|methodExit0|getDataList|1480|1481|fr.emn.metaj.original.BaseInstance|com.sun.tools.jdi.ObjectReferenceImpl@1479
BaseInstance.java|20|methodExit0|getDataList|1481|1480|fr.emn.metaj.original.Instance|com.sun.tools.jdi.ObjectReferenceImpl@1479
Instance.java|64|methodExit0|lookupData|1480|1481|fr.emn.metaj.original.BaseInstance|com.sun.tools.jdi.ObjectReferenceImpl@1476
ExpData.java|21|methodExit0|lookupData|1041|1480|fr.emn.metaj.original.Instance|com.sun.tools.jdi.ObjectReferenceImpl@1476
ExpData.java|21|methodEntry0|lookupData|1047|1480|fr.emn.metaj.original.Instance|void
Instance.java|64|methodEntry0|lookupData|1480|1481|fr.emn.metaj.original.BaseInstance|void
Instance.java|64|fieldAccess0|referent|1481|-1|fr.emn.metaj.original.BaseInstance|void
BaseInstance.java|20|methodEntry0|getDataList|1481|1480|fr.emn.metaj.original.Instance|void
Instance.java|35|methodEntry0|getDataList|1480|1481|fr.emn.metaj.original.BaseInstance|void
Instance.java|35|methodExit0|getDataList|1480|1481|fr.emn.metaj.original.BaseInstance|com.sun.tools.jdi.ObjectReferenceImpl@1479
BaseInstance.java|20|methodExit0|getDataList|1481|1480|fr.emn.metaj.original.Instance|com.sun.tools.jdi.ObjectReferenceImpl@1479
Instance.java|64|methodExit0|lookupData|1480|1481|fr.emn.metaj.original.BaseInstance|com.sun.tools.jdi.ObjectReferenceImpl@1478
ExpData.java|21|methodExit0|lookupData|1047|1480|fr.emn.metaj.original.Instance|com.sun.tools.jdi.ObjectReferenceImpl@1478
ExpMethod.java|110|methodEntry0|lookupMethod|1077|1480|fr.emn.metaj.original.Instance|void
Instance.java|78|methodEntry0|lookupMethod|1480|1481|fr.emn.metaj.original.BaseInstance|void
Instance.java|78|fieldAccess0|referent|1481|-1|fr.emn.metaj.original.BaseInstance|void
BaseInstance.java|25|methodEntry0|getInstanceLink|1481|1480|fr.emn.metaj.original.Instance|void
Instance.java|48|methodEntry0|getInstanceLink|1480|1481|fr.emn.metaj.original.BaseInstance|void
Instance.java|48|methodExit0|getInstanceLink|1480|1481|fr.emn.metaj.original.BaseInstance|com.sun.tools.jdi.ObjectReferenceImpl@1456
BaseInstance.java|25|methodExit0|getInstanceLink|1481|1480|fr.emn.metaj.original.Instance|com.sun.tools.jdi.ObjectReferenceImpl@1456
Instance.java|78|methodExit0|lookupMethod|1480|1481|fr.emn.metaj.original.BaseInstance|com.sun.tools.jdi.ObjectReferenceImpl@1033
ExpMethod.java|110|methodExit0|lookupMethod|1077|1480|fr.emn.metaj.original.Instance|com.sun.tools.jdi.ObjectReferenceImpl@1033
ExpData.java|21|methodEntry0|lookupData|1024|1480|fr.emn.metaj.original.Instance|void
Instance.java|64|methodEntry0|lookupData|1480|1481|fr.emn.metaj.original.BaseInstance|void
Instance.java|64|fieldAccess0|referent|1481|-1|fr.emn.metaj.original.BaseInstance|void
BaseInstance.java|20|methodEntry0|getDataList|1481|1480|fr.emn.metaj.original.Instance|void
Instance.java|35|methodEntry0|getDataList|1480|1481|fr.emn.metaj.original.BaseInstance|void
Instance.java|35|methodExit0|getDataList|1480|1481|fr.emn.metaj.original.BaseInstance|com.sun.tools.jdi.ObjectReferenceImpl@1479
BaseInstance.java|20|methodExit0|getDataList|1481|1480|fr.emn.metaj.original.Instance|com.sun.tools.jdi.ObjectReferenceImpl@1479
Instance.java|64|methodExit0|lookupData|1480|1481|fr.emn.metaj.original.BaseInstance|com.sun.tools.jdi.ObjectReferenceImpl@1476
ExpData.java|21|methodExit0|lookupData|1024|1480|fr.emn.metaj.original.Instance|com.sun.tools.jdi.ObjectReferenceImpl@1476
ExpData.java|21|methodEntry0|lookupData|1027|1480|fr.emn.metaj.original.Instance|void
Instance.java|64|methodEntry0|lookupData|1480|1481|fr.emn.metaj.original.BaseInstance|void
Instance.java|64|fieldAccess0|referent|1481|-1|fr.emn.metaj.original.BaseInstance|void
BaseInstance.java|20|methodEntry0|getDataList|1481|1480|fr.emn.metaj.original.Instance|void
Instance.java|35|methodEntry0|getDataList|1480|1481|fr.emn.metaj.original.BaseInstance|void
Instance.java|35|methodExit0|getDataList|1480|1481|fr.emn.metaj.original.BaseInstance|com.sun.tools.jdi.ObjectReferenceImpl@1479
BaseInstance.java|20|methodExit0|getDataList|1481|1480|fr.emn.metaj.original.Instance|com.sun.tools.jdi.ObjectReferenceImpl@1479
Instance.java|64|methodExit0|lookupData|1480|1481|fr.emn.metaj.original.BaseInstance|com.sun.tools.jdi.ObjectReferenceImpl@1478
ExpData.java|21|methodExit0|lookupData|1027|1480|fr.emn.metaj.original.Instance|com.sun.tools.jdi.ObjectReferenceImpl@1478
ExpData.java|21|methodEntry0|lookupData|1081|1480|fr.emn.metaj.original.Instance|void
Instance.java|64|methodEntry0|lookupData|1480|1481|fr.emn.metaj.original.BaseInstance|void
Instance.java|64|fieldAccess0|referent|1481|-1|fr.emn.metaj.original.BaseInstance|void
BaseInstance.java|20|methodEntry0|getDataList|1481|1480|fr.emn.metaj.original.Instance|void
Instance.java|35|methodEntry0|getDataList|1480|1481|fr.emn.metaj.original.BaseInstance|void
Instance.java|35|methodExit0|getDataList|1480|1481|fr.emn.metaj.original.BaseInstance|com.sun.tools.jdi.ObjectReferenceImpl@1479
BaseInstance.java|20|methodExit0|getDataList|1481|1480|fr.emn.metaj.original.Instance|com.sun.tools.jdi.ObjectReferenceImpl@1479
Instance.java|64|methodExit0|lookupData|1480|1481|fr.emn.metaj.original.BaseInstance|com.sun.tools.jdi.ObjectReferenceImpl@1476
ExpData.java|21|methodExit0|lookupData|1081|1480|fr.emn.metaj.original.Instance|com.sun.tools.jdi.ObjectReferenceImpl@1476
ExpMethod.java|110|methodEntry0|lookupMethod|1087|1480|fr.emn.metaj.original.Instance|void
Instance.java|78|methodEntry0|lookupMethod|1480|1481|fr.emn.metaj.original.BaseInstance|void
Instance.java|78|fieldAccess0|referent|1481|-1|fr.emn.metaj.original.BaseInstance|void
BaseInstance.java|25|methodEntry0|getInstanceLink|1481|1480|fr.emn.metaj.original.Instance|void
Instance.java|48|methodEntry0|getInstanceLink|1480|1481|fr.emn.metaj.original.BaseInstance|void
Instance.java|48|methodExit0|getInstanceLink|1480|1481|fr.emn.metaj.original.BaseInstance|com.sun.tools.jdi.ObjectReferenceImpl@1456
BaseInstance.java|25|methodExit0|getInstanceLink|1481|1480|fr.emn.metaj.original.Instance|com.sun.tools.jdi.ObjectReferenceImpl@1456
Instance.java|78|methodExit0|lookupMethod|1480|1481|fr.emn.metaj.original.BaseInstance|com.sun.tools.jdi.ObjectReferenceImpl@1051
ExpMethod.java|110|methodExit0|lookupMethod|1087|1480|fr.emn.metaj.original.Instance|com.sun.tools.jdi.ObjectReferenceImpl@1051
ExpData.java|21|methodEntry0|lookupData|1038|1480|fr.emn.metaj.original.Instance|void
Instance.java|64|methodEntry0|lookupData|1480|1481|fr.emn.metaj.original.BaseInstance|void
Instance.java|64|fieldAccess0|referent|1481|-1|fr.emn.metaj.original.BaseInstance|void
BaseInstance.java|20|methodEntry0|getDataList|1481|1480|fr.emn.metaj.original.Instance|void
Instance.java|35|methodEntry0|getDataList|1480|1481|fr.emn.metaj.original.BaseInstance|void
Instance.java|35|methodExit0|getDataList|1480|1481|fr.emn.metaj.original.BaseInstance|com.sun.tools.jdi.ObjectReferenceImpl@1479
BaseInstance.java|20|methodExit0|getDataList|1481|1480|fr.emn.metaj.original.Instance|com.sun.tools.jdi.ObjectReferenceImpl@1479
Instance.java|64|methodExit0|lookupData|1480|1481|fr.emn.metaj.original.BaseInstance|com.sun.tools.jdi.ObjectReferenceImpl@1476
ExpData.java|21|methodExit0|lookupData|1038|1480|fr.emn.metaj.original.Instance|com.sun.tools.jdi.ObjectReferenceImpl@1476
ExpData.java|21|methodEntry0|lookupData|1043|1480|fr.emn.metaj.original.Instance|void
Instance.java|64|methodEntry0|lookupData|1480|1481|fr.emn.metaj.original.BaseInstance|void
Instance.java|64|fieldAccess0|referent|1481|-1|fr.emn.metaj.original.BaseInstance|void
BaseInstance.java|20|methodEntry0|getDataList|1481|1480|fr.emn.metaj.original.Instance|void
Instance.java|35|methodEntry0|getDataList|1480|1481|fr.emn.metaj.original.BaseInstance|void
Instance.java|35|methodExit0|getDataList|1480|1481|fr.emn.metaj.original.BaseInstance|com.sun.tools.jdi.ObjectReferenceImpl@1479
BaseInstance.java|20|methodExit0|getDataList|1481|1480|fr.emn.metaj.original.Instance|com.sun.tools.jdi.ObjectReferenceImpl@1479
Instance.java|64|methodExit0|lookupData|1480|1481|fr.emn.metaj.original.BaseInstance|com.sun.tools.jdi.ObjectReferenceImpl@1478
ExpData.java|21|methodExit0|lookupData|1043|1480|fr.emn.metaj.original.Instance|com.sun.tools.jdi.ObjectReferenceImpl@1478
ExpData.java|21|methodEntry0|lookupData|1041|1480|fr.emn.metaj.original.Instance|void
Instance.java|64|methodEntry0|lookupData|1480|1481|fr.emn.metaj.original.BaseInstance|void
Instance.java|64|fieldAccess0|referent|1481|-1|fr.emn.metaj.original.BaseInstance|void
BaseInstance.java|20|methodEntry0|getDataList|1481|1480|fr.emn.metaj.original.Instance|void
Instance.java|35|methodEntry0|getDataList|1480|1481|fr.emn.metaj.original.BaseInstance|void
Instance.java|35|methodExit0|getDataList|1480|1481|fr.emn.metaj.original.BaseInstance|com.sun.tools.jdi.ObjectReferenceImpl@1479
BaseInstance.java|20|methodExit0|getDataList|1481|1480|fr.emn.metaj.original.Instance|com.sun.tools.jdi.ObjectReferenceImpl@1479
Instance.java|64|methodExit0|lookupData|1480|1481|fr.emn.metaj.original.BaseInstance|com.sun.tools.jdi.ObjectReferenceImpl@1476
ExpData.java|21|methodExit0|lookupData|1041|1480|fr.emn.metaj.original.Instance|com.sun.tools.jdi.ObjectReferenceImpl@1476
ExpData.java|21|methodEntry0|lookupData|1047|1480|fr.emn.metaj.original.Instance|void
Instance.java|64|methodEntry0|lookupData|1480|1481|fr.emn.metaj.original.BaseInstance|void
Instance.java|64|fieldAccess0|referent|1481|-1|fr.emn.metaj.original.BaseInstance|void
BaseInstance.java|20|methodEntry0|getDataList|1481|1480|fr.emn.metaj.original.Instance|void
Instance.java|35|methodEntry0|getDataList|1480|1481|fr.emn.metaj.original.BaseInstance|void
Instance.java|35|methodExit0|getDataList|1480|1481|fr.emn.metaj.original.BaseInstance|com.sun.tools.jdi.ObjectReferenceImpl@1479
BaseInstance.java|20|methodExit0|getDataList|1481|1480|fr.emn.metaj.original.Instance|com.sun.tools.jdi.ObjectReferenceImpl@1479
Instance.java|64|methodExit0|lookupData|1480|1481|fr.emn.metaj.original.BaseInstance|com.sun.tools.jdi.ObjectReferenceImpl@1478
ExpData.java|21|methodExit0|lookupData|1047|1480|fr.emn.metaj.original.Instance|com.sun.tools.jdi.ObjectReferenceImpl@1478
ExpMethod.java|110|methodEntry0|lookupMethod|1091|1480|fr.emn.metaj.original.Instance|void
Instance.java|78|methodEntry0|lookupMethod|1480|1481|fr.emn.metaj.original.BaseInstance|void
Instance.java|78|fieldAccess0|referent|1481|-1|fr.emn.metaj.original.BaseInstance|void
BaseInstance.java|25|methodEntry0|getInstanceLink|1481|1480|fr.emn.metaj.original.Instance|void
Instance.java|48|methodEntry0|getInstanceLink|1480|1481|fr.emn.metaj.original.BaseInstance|void
Instance.java|48|methodExit0|getInstanceLink|1480|1481|fr.emn.metaj.original.BaseInstance|com.sun.tools.jdi.ObjectReferenceImpl@1456
BaseInstance.java|25|methodExit0|getInstanceLink|1481|1480|fr.emn.metaj.original.Instance|com.sun.tools.jdi.ObjectReferenceImpl@1456
Instance.java|78|methodExit0|lookupMethod|1480|1481|fr.emn.metaj.original.BaseInstance|com.sun.tools.jdi.ObjectReferenceImpl@1033
ExpMethod.java|110|methodExit0|lookupMethod|1091|1480|fr.emn.metaj.original.Instance|com.sun.tools.jdi.ObjectReferenceImpl@1033
ExpData.java|21|methodEntry0|lookupData|1024|1480|fr.emn.metaj.original.Instance|void
Instance.java|64|methodEntry0|lookupData|1480|1481|fr.emn.metaj.original.BaseInstance|void
Instance.java|64|fieldAccess0|referent|1481|-1|fr.emn.metaj.original.BaseInstance|void
BaseInstance.java|20|methodEntry0|getDataList|1481|1480|fr.emn.metaj.original.Instance|void
Instance.java|35|methodEntry0|getDataList|1480|1481|fr.emn.metaj.original.BaseInstance|void
Instance.java|35|methodExit0|getDataList|1480|1481|fr.emn.metaj.original.BaseInstance|com.sun.tools.jdi.ObjectReferenceImpl@1479
BaseInstance.java|20|methodExit0|getDataList|1481|1480|fr.emn.metaj.original.Instance|com.sun.tools.jdi.ObjectReferenceImpl@1479
Instance.java|64|methodExit0|lookupData|1480|1481|fr.emn.metaj.original.BaseInstance|com.sun.tools.jdi.ObjectReferenceImpl@1476
ExpData.java|21|methodExit0|lookupData|1024|1480|fr.emn.metaj.original.Instance|com.sun.tools.jdi.ObjectReferenceImpl@1476
ExpData.java|21|methodEntry0|lookupData|1027|1480|fr.emn.metaj.original.Instance|void
Instance.java|64|methodEntry0|lookupData|1480|1481|fr.emn.metaj.original.BaseInstance|void
Instance.java|64|fieldAccess0|referent|1481|-1|fr.emn.metaj.original.BaseInstance|void
BaseInstance.java|20|methodEntry0|getDataList|1481|1480|fr.emn.metaj.original.Instance|void
Instance.java|35|methodEntry0|getDataList|1480|1481|fr.emn.metaj.original.BaseInstance|void
Instance.java|35|methodExit0|getDataList|1480|1481|fr.emn.metaj.original.BaseInstance|com.sun.tools.jdi.ObjectReferenceImpl@1479
BaseInstance.java|20|methodExit0|getDataList|1481|1480|fr.emn.metaj.original.Instance|com.sun.tools.jdi.ObjectReferenceImpl@1479
Instance.java|64|methodExit0|lookupData|1480|1481|fr.emn.metaj.original.BaseInstance|com.sun.tools.jdi.ObjectReferenceImpl@1478
ExpData.java|21|methodExit0|lookupData|1027|1480|fr.emn.metaj.original.Instance|com.sun.tools.jdi.ObjectReferenceImpl@1478
Finalizer.java|-1|finalizerEntry0|fr.emn.metaj.original.Instance|1480|-1|No comment|void
Finalizer.java|-1|finalizerExit0|fr.emn.metaj.original.Instance|1480|-1|No comment|void
Finalizer.java|-1|finalizerEntry0|fr.emn.metaj.original.BaseInstance|1481|-1|No comment|void
Finalizer.java|-1|finalizerExit0|fr.emn.metaj.original.BaseInstance|1481|-1|No comment|void
No source name|-1|programEnd0|programEnd0|-1|-1|main|void
