No source name|-1|classLoad0|fr.emn.cacao.Value|-1|-1|No comment|void
CacaoSolver.java|433|constructorEntry0|fr.emn.cacao.Value|1000|-1|No comment|void
CacaoSolver.java|433|constructorExit0|fr.emn.cacao.Value|1000|-1|No comment|void
CacaoSolver.java|434|constructorEntry0|fr.emn.cacao.Value|1001|-1|No comment|void
CacaoSolver.java|434|constructorExit0|fr.emn.cacao.Value|1001|-1|No comment|void
CacaoSolver.java|444|constructorEntry0|fr.emn.cacao.Value|1004|-1|No comment|void
CacaoSolver.java|444|constructorExit0|fr.emn.cacao.Value|1004|-1|No comment|void
CacaoSolver.java|445|constructorEntry0|fr.emn.cacao.Value|1005|-1|No comment|void
CacaoSolver.java|445|constructorExit0|fr.emn.cacao.Value|1005|-1|No comment|void
CacaoSolver.java|455|constructorEntry0|fr.emn.cacao.Value|1008|-1|No comment|void
CacaoSolver.java|455|constructorExit0|fr.emn.cacao.Value|1008|-1|No comment|void
CacaoSolver.java|456|constructorEntry0|fr.emn.cacao.Value|1009|-1|No comment|void
CacaoSolver.java|456|constructorExit0|fr.emn.cacao.Value|1009|-1|No comment|void
No source name|-1|classLoad0|fr.emn.cacao.Pair|-1|-1|No comment|void
CacaoSolver.java|103|constructorEntry0|fr.emn.cacao.Pair|1014|-1|No comment|void
CacaoSolver.java|103|fieldModification0|fst|1014|1000|fr.emn.cacao.Pair|fr.emn.cacao.Value
CacaoSolver.java|103|fieldModification0|snd|1014|1005|fr.emn.cacao.Pair|fr.emn.cacao.Value
CacaoSolver.java|103|constructorExit0|fr.emn.cacao.Pair|1014|-1|No comment|void
CacaoSolver.java|103|constructorEntry0|fr.emn.cacao.Pair|1015|-1|No comment|void
CacaoSolver.java|103|fieldModification0|fst|1015|1001|fr.emn.cacao.Pair|fr.emn.cacao.Value
CacaoSolver.java|103|fieldModification0|snd|1015|1004|fr.emn.cacao.Pair|fr.emn.cacao.Value
CacaoSolver.java|103|constructorExit0|fr.emn.cacao.Pair|1015|-1|No comment|void
Vector.java|359|methodEntry0|equals|-1|1015|fr.emn.cacao.Pair|void
Vector.java|359|fieldAccess0|fst|1015|-1|fr.emn.cacao.Pair|void
Vector.java|359|fieldAccess0|fst|1015|-1|fr.emn.cacao.Pair|void
Vector.java|359|methodExit0|equals|-1|1015|fr.emn.cacao.Pair|0
CacaoSolver.java|103|constructorEntry0|fr.emn.cacao.Pair|1018|-1|No comment|void
CacaoSolver.java|103|fieldModification0|fst|1018|1000|fr.emn.cacao.Pair|fr.emn.cacao.Value
CacaoSolver.java|103|fieldModification0|snd|1018|1009|fr.emn.cacao.Pair|fr.emn.cacao.Value
CacaoSolver.java|103|constructorExit0|fr.emn.cacao.Pair|1018|-1|No comment|void
CacaoSolver.java|103|constructorEntry0|fr.emn.cacao.Pair|1019|-1|No comment|void
CacaoSolver.java|103|fieldModification0|fst|1019|1001|fr.emn.cacao.Pair|fr.emn.cacao.Value
CacaoSolver.java|103|fieldModification0|snd|1019|1008|fr.emn.cacao.Pair|fr.emn.cacao.Value
CacaoSolver.java|103|constructorExit0|fr.emn.cacao.Pair|1019|-1|No comment|void
Vector.java|359|methodEntry0|equals|-1|1019|fr.emn.cacao.Pair|void
Vector.java|359|fieldAccess0|fst|1019|-1|fr.emn.cacao.Pair|void
Vector.java|359|fieldAccess0|fst|1019|-1|fr.emn.cacao.Pair|void
Vector.java|359|methodExit0|equals|-1|1019|fr.emn.cacao.Pair|0
CacaoSolver.java|103|constructorEntry0|fr.emn.cacao.Pair|1022|-1|No comment|void
CacaoSolver.java|103|fieldModification0|fst|1022|1008|fr.emn.cacao.Pair|fr.emn.cacao.Value
CacaoSolver.java|103|fieldModification0|snd|1022|1005|fr.emn.cacao.Pair|fr.emn.cacao.Value
CacaoSolver.java|103|constructorExit0|fr.emn.cacao.Pair|1022|-1|No comment|void
CacaoSolver.java|103|constructorEntry0|fr.emn.cacao.Pair|1023|-1|No comment|void
CacaoSolver.java|103|fieldModification0|fst|1023|1009|fr.emn.cacao.Pair|fr.emn.cacao.Value
CacaoSolver.java|103|fieldModification0|snd|1023|1004|fr.emn.cacao.Pair|fr.emn.cacao.Value
CacaoSolver.java|103|constructorExit0|fr.emn.cacao.Pair|1023|-1|No comment|void
Vector.java|359|methodEntry0|equals|-1|1023|fr.emn.cacao.Pair|void
Vector.java|359|fieldAccess0|fst|1023|-1|fr.emn.cacao.Pair|void
Vector.java|359|fieldAccess0|fst|1023|-1|fr.emn.cacao.Pair|void
Vector.java|359|methodExit0|equals|-1|1023|fr.emn.cacao.Pair|0
CacaoSolver.java|62|methodEntry0|isSupported|1003|1000|fr.emn.cacao.Value|void
CacaoSolver.java|107|constructorEntry0|fr.emn.cacao.Pair|1034|-1|No comment|void
CacaoSolver.java|107|fieldModification0|fst|1034|1000|fr.emn.cacao.Pair|fr.emn.cacao.Value
CacaoSolver.java|107|fieldModification0|snd|1034|1004|fr.emn.cacao.Pair|fr.emn.cacao.Value
CacaoSolver.java|107|constructorExit0|fr.emn.cacao.Pair|1034|-1|No comment|void
Vector.java|359|methodEntry0|equals|-1|1034|fr.emn.cacao.Pair|void
Vector.java|359|fieldAccess0|fst|1034|-1|fr.emn.cacao.Pair|void
Vector.java|359|fieldAccess0|fst|1034|-1|fr.emn.cacao.Pair|void
Vector.java|359|fieldAccess0|snd|1034|-1|fr.emn.cacao.Pair|void
Vector.java|359|fieldAccess0|snd|1034|-1|fr.emn.cacao.Pair|void
Vector.java|359|methodExit0|equals|-1|1034|fr.emn.cacao.Pair|0
Vector.java|359|methodEntry0|equals|-1|1034|fr.emn.cacao.Pair|void
Vector.java|359|fieldAccess0|fst|1034|-1|fr.emn.cacao.Pair|void
Vector.java|359|fieldAccess0|fst|1034|-1|fr.emn.cacao.Pair|void
Vector.java|359|methodExit0|equals|-1|1034|fr.emn.cacao.Pair|0
Finalizer.java|-1|finalizerEntry0|fr.emn.cacao.Pair|1034|-1|No comment|void
Finalizer.java|-1|finalizerExit0|fr.emn.cacao.Pair|1034|-1|No comment|void
CacaoSolver.java|107|constructorEntry0|fr.emn.cacao.Pair|1035|-1|No comment|void
CacaoSolver.java|107|fieldModification0|fst|1035|1000|fr.emn.cacao.Pair|fr.emn.cacao.Value
CacaoSolver.java|107|fieldModification0|snd|1035|1005|fr.emn.cacao.Pair|fr.emn.cacao.Value
CacaoSolver.java|107|constructorExit0|fr.emn.cacao.Pair|1035|-1|No comment|void
Vector.java|359|methodEntry0|equals|-1|1035|fr.emn.cacao.Pair|void
Vector.java|359|fieldAccess0|fst|1035|-1|fr.emn.cacao.Pair|void
Vector.java|359|fieldAccess0|fst|1035|-1|fr.emn.cacao.Pair|void
Vector.java|359|fieldAccess0|snd|1035|-1|fr.emn.cacao.Pair|void
Vector.java|359|fieldAccess0|snd|1035|-1|fr.emn.cacao.Pair|void
Vector.java|359|methodExit0|equals|-1|1035|fr.emn.cacao.Pair|0
Finalizer.java|-1|finalizerEntry0|fr.emn.cacao.Pair|1035|-1|No comment|void
Finalizer.java|-1|finalizerExit0|fr.emn.cacao.Pair|1035|-1|No comment|void
CacaoSolver.java|62|methodExit0|isSupported|1003|1000|fr.emn.cacao.Value|1
CacaoSolver.java|62|methodEntry0|isSupported|1003|1001|fr.emn.cacao.Value|void
CacaoSolver.java|107|constructorEntry0|fr.emn.cacao.Pair|1036|-1|No comment|void
CacaoSolver.java|107|fieldModification0|fst|1036|1001|fr.emn.cacao.Pair|fr.emn.cacao.Value
CacaoSolver.java|107|fieldModification0|snd|1036|1004|fr.emn.cacao.Pair|fr.emn.cacao.Value
CacaoSolver.java|107|constructorExit0|fr.emn.cacao.Pair|1036|-1|No comment|void
Vector.java|359|methodEntry0|equals|-1|1036|fr.emn.cacao.Pair|void
Vector.java|359|fieldAccess0|fst|1036|-1|fr.emn.cacao.Pair|void
Vector.java|359|fieldAccess0|fst|1036|-1|fr.emn.cacao.Pair|void
Vector.java|359|methodExit0|equals|-1|1036|fr.emn.cacao.Pair|0
Vector.java|359|methodEntry0|equals|-1|1036|fr.emn.cacao.Pair|void
Vector.java|359|fieldAccess0|fst|1036|-1|fr.emn.cacao.Pair|void
Vector.java|359|fieldAccess0|fst|1036|-1|fr.emn.cacao.Pair|void
Vector.java|359|fieldAccess0|snd|1036|-1|fr.emn.cacao.Pair|void
Vector.java|359|fieldAccess0|snd|1036|-1|fr.emn.cacao.Pair|void
Vector.java|359|methodExit0|equals|-1|1036|fr.emn.cacao.Pair|void
Finalizer.java|-1|finalizerEntry0|fr.emn.cacao.Pair|1036|-1|No comment|void
Finalizer.java|-1|finalizerExit0|fr.emn.cacao.Pair|1036|-1|No comment|void
CacaoSolver.java|62|methodExit0|isSupported|1003|1001|fr.emn.cacao.Value|1
CacaoSolver.java|62|methodEntry0|isSupported|1007|1004|fr.emn.cacao.Value|void
CacaoSolver.java|107|constructorEntry0|fr.emn.cacao.Pair|1037|-1|No comment|void
CacaoSolver.java|107|fieldModification0|fst|1037|1000|fr.emn.cacao.Pair|fr.emn.cacao.Value
CacaoSolver.java|107|fieldModification0|snd|1037|1004|fr.emn.cacao.Pair|fr.emn.cacao.Value
CacaoSolver.java|107|constructorExit0|fr.emn.cacao.Pair|1037|-1|No comment|void
Vector.java|359|methodEntry0|equals|-1|1037|fr.emn.cacao.Pair|void
Vector.java|359|fieldAccess0|fst|1037|-1|fr.emn.cacao.Pair|void
Vector.java|359|fieldAccess0|fst|1037|-1|fr.emn.cacao.Pair|void
Vector.java|359|fieldAccess0|snd|1037|-1|fr.emn.cacao.Pair|void
Vector.java|359|fieldAccess0|snd|1037|-1|fr.emn.cacao.Pair|void
Vector.java|359|methodExit0|equals|-1|1037|fr.emn.cacao.Pair|0
Vector.java|359|methodEntry0|equals|-1|1037|fr.emn.cacao.Pair|void
Vector.java|359|fieldAccess0|fst|1037|-1|fr.emn.cacao.Pair|void
Vector.java|359|fieldAccess0|fst|1037|-1|fr.emn.cacao.Pair|void
Vector.java|359|methodExit0|equals|-1|1037|fr.emn.cacao.Pair|0
Finalizer.java|-1|finalizerEntry0|fr.emn.cacao.Pair|1037|-1|No comment|void
Finalizer.java|-1|finalizerExit0|fr.emn.cacao.Pair|1037|-1|No comment|void
CacaoSolver.java|107|constructorEntry0|fr.emn.cacao.Pair|1038|-1|No comment|void
CacaoSolver.java|107|fieldModification0|fst|1038|1001|fr.emn.cacao.Pair|fr.emn.cacao.Value
CacaoSolver.java|107|fieldModification0|snd|1038|1004|fr.emn.cacao.Pair|fr.emn.cacao.Value
CacaoSolver.java|107|constructorExit0|fr.emn.cacao.Pair|1038|-1|No comment|void
Vector.java|359|methodEntry0|equals|-1|1038|fr.emn.cacao.Pair|void
Vector.java|359|fieldAccess0|fst|1038|-1|fr.emn.cacao.Pair|void
Vector.java|359|fieldAccess0|fst|1038|-1|fr.emn.cacao.Pair|void
Vector.java|359|methodExit0|equals|-1|1038|fr.emn.cacao.Pair|0
Vector.java|359|methodEntry0|equals|-1|1038|fr.emn.cacao.Pair|void
Vector.java|359|fieldAccess0|fst|1038|-1|fr.emn.cacao.Pair|void
Vector.java|359|fieldAccess0|fst|1038|-1|fr.emn.cacao.Pair|void
Vector.java|359|fieldAccess0|snd|1038|-1|fr.emn.cacao.Pair|void
Vector.java|359|fieldAccess0|snd|1038|-1|fr.emn.cacao.Pair|void
Vector.java|359|methodExit0|equals|-1|1038|fr.emn.cacao.Pair|void
Finalizer.java|-1|finalizerEntry0|fr.emn.cacao.Pair|1038|-1|No comment|void
Finalizer.java|-1|finalizerExit0|fr.emn.cacao.Pair|1038|-1|No comment|void
CacaoSolver.java|62|methodExit0|isSupported|1007|1004|fr.emn.cacao.Value|1
CacaoSolver.java|62|methodEntry0|isSupported|1007|1005|fr.emn.cacao.Value|void
CacaoSolver.java|107|constructorEntry0|fr.emn.cacao.Pair|1039|-1|No comment|void
CacaoSolver.java|107|fieldModification0|fst|1039|1000|fr.emn.cacao.Pair|fr.emn.cacao.Value
CacaoSolver.java|107|fieldModification0|snd|1039|1005|fr.emn.cacao.Pair|fr.emn.cacao.Value
CacaoSolver.java|107|constructorExit0|fr.emn.cacao.Pair|1039|-1|No comment|void
Vector.java|359|methodEntry0|equals|-1|1039|fr.emn.cacao.Pair|void
Vector.java|359|fieldAccess0|fst|1039|-1|fr.emn.cacao.Pair|void
Vector.java|359|fieldAccess0|fst|1039|-1|fr.emn.cacao.Pair|void
Vector.java|359|fieldAccess0|snd|1039|-1|fr.emn.cacao.Pair|void
Vector.java|359|fieldAccess0|snd|1039|-1|fr.emn.cacao.Pair|void
Vector.java|359|methodExit0|equals|-1|1039|fr.emn.cacao.Pair|com.sun.tools.jdi.ObjectReferenceImpl@-1
Finalizer.java|-1|finalizerEntry0|fr.emn.cacao.Pair|1039|-1|No comment|void
Finalizer.java|-1|finalizerExit0|fr.emn.cacao.Pair|1039|-1|No comment|void
CacaoSolver.java|62|methodExit0|isSupported|1007|1005|fr.emn.cacao.Value|1
CacaoSolver.java|62|methodEntry0|isSupported|1003|1000|fr.emn.cacao.Value|void
CacaoSolver.java|107|constructorEntry0|fr.emn.cacao.Pair|1040|-1|No comment|void
CacaoSolver.java|107|fieldModification0|fst|1040|1000|fr.emn.cacao.Pair|fr.emn.cacao.Value
CacaoSolver.java|107|fieldModification0|snd|1040|1008|fr.emn.cacao.Pair|fr.emn.cacao.Value
CacaoSolver.java|107|constructorExit0|fr.emn.cacao.Pair|1040|-1|No comment|void
Vector.java|359|methodEntry0|equals|-1|1040|fr.emn.cacao.Pair|void
Vector.java|359|fieldAccess0|fst|1040|-1|fr.emn.cacao.Pair|void
Vector.java|359|fieldAccess0|fst|1040|-1|fr.emn.cacao.Pair|void
Vector.java|359|fieldAccess0|snd|1040|-1|fr.emn.cacao.Pair|void
Vector.java|359|fieldAccess0|snd|1040|-1|fr.emn.cacao.Pair|void
Vector.java|359|methodExit0|equals|-1|1040|fr.emn.cacao.Pair|0
Vector.java|359|methodEntry0|equals|-1|1040|fr.emn.cacao.Pair|void
Vector.java|359|fieldAccess0|fst|1040|-1|fr.emn.cacao.Pair|void
Vector.java|359|fieldAccess0|fst|1040|-1|fr.emn.cacao.Pair|void
Vector.java|359|methodExit0|equals|-1|1040|fr.emn.cacao.Pair|0
Finalizer.java|-1|finalizerEntry0|fr.emn.cacao.Pair|1040|-1|No comment|void
Finalizer.java|-1|finalizerExit0|fr.emn.cacao.Pair|1040|-1|No comment|void
CacaoSolver.java|107|constructorEntry0|fr.emn.cacao.Pair|1041|-1|No comment|void
CacaoSolver.java|107|fieldModification0|fst|1041|1000|fr.emn.cacao.Pair|fr.emn.cacao.Value
CacaoSolver.java|107|fieldModification0|snd|1041|1009|fr.emn.cacao.Pair|fr.emn.cacao.Value
CacaoSolver.java|107|constructorExit0|fr.emn.cacao.Pair|1041|-1|No comment|void
Vector.java|359|methodEntry0|equals|-1|1041|fr.emn.cacao.Pair|void
Vector.java|359|fieldAccess0|fst|1041|-1|fr.emn.cacao.Pair|void
Vector.java|359|fieldAccess0|fst|1041|-1|fr.emn.cacao.Pair|void
Vector.java|359|fieldAccess0|snd|1041|-1|fr.emn.cacao.Pair|void
Vector.java|359|fieldAccess0|snd|1041|-1|fr.emn.cacao.Pair|void
Vector.java|359|methodExit0|equals|-1|1041|fr.emn.cacao.Pair|0
Finalizer.java|-1|finalizerEntry0|fr.emn.cacao.Pair|1041|-1|No comment|void
Finalizer.java|-1|finalizerExit0|fr.emn.cacao.Pair|1041|-1|No comment|void
CacaoSolver.java|62|methodExit0|isSupported|1003|1000|fr.emn.cacao.Value|1
CacaoSolver.java|62|methodEntry0|isSupported|1003|1001|fr.emn.cacao.Value|void
CacaoSolver.java|107|constructorEntry0|fr.emn.cacao.Pair|1042|-1|No comment|void
CacaoSolver.java|107|fieldModification0|fst|1042|1001|fr.emn.cacao.Pair|fr.emn.cacao.Value
CacaoSolver.java|107|fieldModification0|snd|1042|1008|fr.emn.cacao.Pair|fr.emn.cacao.Value
CacaoSolver.java|107|constructorExit0|fr.emn.cacao.Pair|1042|-1|No comment|void
Vector.java|359|methodEntry0|equals|-1|1042|fr.emn.cacao.Pair|void
Vector.java|359|fieldAccess0|fst|1042|-1|fr.emn.cacao.Pair|void
Vector.java|359|fieldAccess0|fst|1042|-1|fr.emn.cacao.Pair|void
Vector.java|359|methodExit0|equals|-1|1042|fr.emn.cacao.Pair|0
Vector.java|359|methodEntry0|equals|-1|1042|fr.emn.cacao.Pair|void
Vector.java|359|fieldAccess0|fst|1042|-1|fr.emn.cacao.Pair|void
Vector.java|359|fieldAccess0|fst|1042|-1|fr.emn.cacao.Pair|void
Vector.java|359|fieldAccess0|snd|1042|-1|fr.emn.cacao.Pair|void
Vector.java|359|fieldAccess0|snd|1042|-1|fr.emn.cacao.Pair|void
Vector.java|359|methodExit0|equals|-1|1042|fr.emn.cacao.Pair|void
Finalizer.java|-1|finalizerEntry0|fr.emn.cacao.Pair|1042|-1|No comment|void
Finalizer.java|-1|finalizerExit0|fr.emn.cacao.Pair|1042|-1|No comment|void
CacaoSolver.java|62|methodExit0|isSupported|1003|1001|fr.emn.cacao.Value|1
CacaoSolver.java|62|methodEntry0|isSupported|1011|1008|fr.emn.cacao.Value|void
CacaoSolver.java|107|constructorEntry0|fr.emn.cacao.Pair|1043|-1|No comment|void
CacaoSolver.java|107|fieldModification0|fst|1043|1000|fr.emn.cacao.Pair|fr.emn.cacao.Value
CacaoSolver.java|107|fieldModification0|snd|1043|1008|fr.emn.cacao.Pair|fr.emn.cacao.Value
CacaoSolver.java|107|constructorExit0|fr.emn.cacao.Pair|1043|-1|No comment|void
Vector.java|359|methodEntry0|equals|-1|1043|fr.emn.cacao.Pair|void
Vector.java|359|fieldAccess0|fst|1043|-1|fr.emn.cacao.Pair|void
Vector.java|359|fieldAccess0|fst|1043|-1|fr.emn.cacao.Pair|void
Vector.java|359|fieldAccess0|snd|1043|-1|fr.emn.cacao.Pair|void
Vector.java|359|fieldAccess0|snd|1043|-1|fr.emn.cacao.Pair|void
Vector.java|359|methodExit0|equals|-1|1043|fr.emn.cacao.Pair|0
Vector.java|359|methodEntry0|equals|-1|1043|fr.emn.cacao.Pair|void
Vector.java|359|fieldAccess0|fst|1043|-1|fr.emn.cacao.Pair|void
Vector.java|359|fieldAccess0|fst|1043|-1|fr.emn.cacao.Pair|void
Vector.java|359|methodExit0|equals|-1|1043|fr.emn.cacao.Pair|0
Finalizer.java|-1|finalizerEntry0|fr.emn.cacao.Pair|1043|-1|No comment|void
Finalizer.java|-1|finalizerExit0|fr.emn.cacao.Pair|1043|-1|No comment|void
CacaoSolver.java|107|constructorEntry0|fr.emn.cacao.Pair|1044|-1|No comment|void
CacaoSolver.java|107|fieldModification0|fst|1044|1001|fr.emn.cacao.Pair|fr.emn.cacao.Value
CacaoSolver.java|107|fieldModification0|snd|1044|1008|fr.emn.cacao.Pair|fr.emn.cacao.Value
CacaoSolver.java|107|constructorExit0|fr.emn.cacao.Pair|1044|-1|No comment|void
Vector.java|359|methodEntry0|equals|-1|1044|fr.emn.cacao.Pair|void
Vector.java|359|fieldAccess0|fst|1044|-1|fr.emn.cacao.Pair|void
Vector.java|359|fieldAccess0|fst|1044|-1|fr.emn.cacao.Pair|void
Vector.java|359|methodExit0|equals|-1|1044|fr.emn.cacao.Pair|0
Vector.java|359|methodEntry0|equals|-1|1044|fr.emn.cacao.Pair|void
Vector.java|359|fieldAccess0|fst|1044|-1|fr.emn.cacao.Pair|void
Vector.java|359|fieldAccess0|fst|1044|-1|fr.emn.cacao.Pair|void
Vector.java|359|fieldAccess0|snd|1044|-1|fr.emn.cacao.Pair|void
Vector.java|359|fieldAccess0|snd|1044|-1|fr.emn.cacao.Pair|void
Vector.java|359|methodExit0|equals|-1|1044|fr.emn.cacao.Pair|void
Finalizer.java|-1|finalizerEntry0|fr.emn.cacao.Pair|1044|-1|No comment|void
Finalizer.java|-1|finalizerExit0|fr.emn.cacao.Pair|1044|-1|No comment|void
CacaoSolver.java|62|methodExit0|isSupported|1011|1008|fr.emn.cacao.Value|1
CacaoSolver.java|62|methodEntry0|isSupported|1011|1009|fr.emn.cacao.Value|void
CacaoSolver.java|107|constructorEntry0|fr.emn.cacao.Pair|1045|-1|No comment|void
CacaoSolver.java|107|fieldModification0|fst|1045|1000|fr.emn.cacao.Pair|fr.emn.cacao.Value
CacaoSolver.java|107|fieldModification0|snd|1045|1009|fr.emn.cacao.Pair|fr.emn.cacao.Value
CacaoSolver.java|107|constructorExit0|fr.emn.cacao.Pair|1045|-1|No comment|void
Vector.java|359|methodEntry0|equals|-1|1045|fr.emn.cacao.Pair|void
Vector.java|359|fieldAccess0|fst|1045|-1|fr.emn.cacao.Pair|void
Vector.java|359|fieldAccess0|fst|1045|-1|fr.emn.cacao.Pair|void
Vector.java|359|fieldAccess0|snd|1045|-1|fr.emn.cacao.Pair|void
Vector.java|359|fieldAccess0|snd|1045|-1|fr.emn.cacao.Pair|void
Vector.java|359|methodExit0|equals|-1|1045|fr.emn.cacao.Pair|com.sun.tools.jdi.ObjectReferenceImpl@-1
Finalizer.java|-1|finalizerEntry0|fr.emn.cacao.Pair|1045|-1|No comment|void
Finalizer.java|-1|finalizerExit0|fr.emn.cacao.Pair|1045|-1|No comment|void
CacaoSolver.java|62|methodExit0|isSupported|1011|1009|fr.emn.cacao.Value|1
CacaoSolver.java|62|methodEntry0|isSupported|1011|1008|fr.emn.cacao.Value|void
CacaoSolver.java|107|constructorEntry0|fr.emn.cacao.Pair|1046|-1|No comment|void
CacaoSolver.java|107|fieldModification0|fst|1046|1008|fr.emn.cacao.Pair|fr.emn.cacao.Value
CacaoSolver.java|107|fieldModification0|snd|1046|1004|fr.emn.cacao.Pair|fr.emn.cacao.Value
CacaoSolver.java|107|constructorExit0|fr.emn.cacao.Pair|1046|-1|No comment|void
Vector.java|359|methodEntry0|equals|-1|1046|fr.emn.cacao.Pair|void
Vector.java|359|fieldAccess0|fst|1046|-1|fr.emn.cacao.Pair|void
Vector.java|359|fieldAccess0|fst|1046|-1|fr.emn.cacao.Pair|void
Vector.java|359|fieldAccess0|snd|1046|-1|fr.emn.cacao.Pair|void
Vector.java|359|fieldAccess0|snd|1046|-1|fr.emn.cacao.Pair|void
Vector.java|359|methodExit0|equals|-1|1046|fr.emn.cacao.Pair|0
Vector.java|359|methodEntry0|equals|-1|1046|fr.emn.cacao.Pair|void
Vector.java|359|fieldAccess0|fst|1046|-1|fr.emn.cacao.Pair|void
Vector.java|359|fieldAccess0|fst|1046|-1|fr.emn.cacao.Pair|void
Vector.java|359|methodExit0|equals|-1|1046|fr.emn.cacao.Pair|0
Finalizer.java|-1|finalizerEntry0|fr.emn.cacao.Pair|1046|-1|No comment|void
Finalizer.java|-1|finalizerExit0|fr.emn.cacao.Pair|1046|-1|No comment|void
CacaoSolver.java|107|constructorEntry0|fr.emn.cacao.Pair|1047|-1|No comment|void
CacaoSolver.java|107|fieldModification0|fst|1047|1008|fr.emn.cacao.Pair|fr.emn.cacao.Value
CacaoSolver.java|107|fieldModification0|snd|1047|1005|fr.emn.cacao.Pair|fr.emn.cacao.Value
CacaoSolver.java|107|constructorExit0|fr.emn.cacao.Pair|1047|-1|No comment|void
Vector.java|359|methodEntry0|equals|-1|1047|fr.emn.cacao.Pair|void
Vector.java|359|fieldAccess0|fst|1047|-1|fr.emn.cacao.Pair|void
Vector.java|359|fieldAccess0|fst|1047|-1|fr.emn.cacao.Pair|void
Vector.java|359|fieldAccess0|snd|1047|-1|fr.emn.cacao.Pair|void
Vector.java|359|fieldAccess0|snd|1047|-1|fr.emn.cacao.Pair|void
Vector.java|359|methodExit0|equals|-1|1047|fr.emn.cacao.Pair|0
Finalizer.java|-1|finalizerEntry0|fr.emn.cacao.Pair|1047|-1|No comment|void
Finalizer.java|-1|finalizerExit0|fr.emn.cacao.Pair|1047|-1|No comment|void
CacaoSolver.java|62|methodExit0|isSupported|1011|1008|fr.emn.cacao.Value|1
CacaoSolver.java|62|methodEntry0|isSupported|1011|1009|fr.emn.cacao.Value|void
CacaoSolver.java|107|constructorEntry0|fr.emn.cacao.Pair|1048|-1|No comment|void
CacaoSolver.java|107|fieldModification0|fst|1048|1009|fr.emn.cacao.Pair|fr.emn.cacao.Value
CacaoSolver.java|107|fieldModification0|snd|1048|1004|fr.emn.cacao.Pair|fr.emn.cacao.Value
CacaoSolver.java|107|constructorExit0|fr.emn.cacao.Pair|1048|-1|No comment|void
Vector.java|359|methodEntry0|equals|-1|1048|fr.emn.cacao.Pair|void
Vector.java|359|fieldAccess0|fst|1048|-1|fr.emn.cacao.Pair|void
Vector.java|359|fieldAccess0|fst|1048|-1|fr.emn.cacao.Pair|void
Vector.java|359|methodExit0|equals|-1|1048|fr.emn.cacao.Pair|0
Vector.java|359|methodEntry0|equals|-1|1048|fr.emn.cacao.Pair|void
Vector.java|359|fieldAccess0|fst|1048|-1|fr.emn.cacao.Pair|void
Vector.java|359|fieldAccess0|fst|1048|-1|fr.emn.cacao.Pair|void
Vector.java|359|fieldAccess0|snd|1048|-1|fr.emn.cacao.Pair|void
Vector.java|359|fieldAccess0|snd|1048|-1|fr.emn.cacao.Pair|void
Vector.java|359|methodExit0|equals|-1|1048|fr.emn.cacao.Pair|void
Finalizer.java|-1|finalizerEntry0|fr.emn.cacao.Pair|1048|-1|No comment|void
Finalizer.java|-1|finalizerExit0|fr.emn.cacao.Pair|1048|-1|No comment|void
CacaoSolver.java|62|methodExit0|isSupported|1011|1009|fr.emn.cacao.Value|1
CacaoSolver.java|62|methodEntry0|isSupported|1007|1004|fr.emn.cacao.Value|void
CacaoSolver.java|107|constructorEntry0|fr.emn.cacao.Pair|1049|-1|No comment|void
CacaoSolver.java|107|fieldModification0|fst|1049|1008|fr.emn.cacao.Pair|fr.emn.cacao.Value
CacaoSolver.java|107|fieldModification0|snd|1049|1004|fr.emn.cacao.Pair|fr.emn.cacao.Value
CacaoSolver.java|107|constructorExit0|fr.emn.cacao.Pair|1049|-1|No comment|void
Vector.java|359|methodEntry0|equals|-1|1049|fr.emn.cacao.Pair|void
Vector.java|359|fieldAccess0|fst|1049|-1|fr.emn.cacao.Pair|void
Vector.java|359|fieldAccess0|fst|1049|-1|fr.emn.cacao.Pair|void
Vector.java|359|fieldAccess0|snd|1049|-1|fr.emn.cacao.Pair|void
Vector.java|359|fieldAccess0|snd|1049|-1|fr.emn.cacao.Pair|void
Vector.java|359|methodExit0|equals|-1|1049|fr.emn.cacao.Pair|0
Vector.java|359|methodEntry0|equals|-1|1049|fr.emn.cacao.Pair|void
Vector.java|359|fieldAccess0|fst|1049|-1|fr.emn.cacao.Pair|void
Vector.java|359|fieldAccess0|fst|1049|-1|fr.emn.cacao.Pair|void
Vector.java|359|methodExit0|equals|-1|1049|fr.emn.cacao.Pair|0
Finalizer.java|-1|finalizerEntry0|fr.emn.cacao.Pair|1049|-1|No comment|void
Finalizer.java|-1|finalizerExit0|fr.emn.cacao.Pair|1049|-1|No comment|void
CacaoSolver.java|107|constructorEntry0|fr.emn.cacao.Pair|1050|-1|No comment|void
CacaoSolver.java|107|fieldModification0|fst|1050|1009|fr.emn.cacao.Pair|fr.emn.cacao.Value
CacaoSolver.java|107|fieldModification0|snd|1050|1004|fr.emn.cacao.Pair|fr.emn.cacao.Value
CacaoSolver.java|107|constructorExit0|fr.emn.cacao.Pair|1050|-1|No comment|void
Vector.java|359|methodEntry0|equals|-1|1050|fr.emn.cacao.Pair|void
Vector.java|359|fieldAccess0|fst|1050|-1|fr.emn.cacao.Pair|void
Vector.java|359|fieldAccess0|fst|1050|-1|fr.emn.cacao.Pair|void
Vector.java|359|methodExit0|equals|-1|1050|fr.emn.cacao.Pair|0
Vector.java|359|methodEntry0|equals|-1|1050|fr.emn.cacao.Pair|void
Vector.java|359|fieldAccess0|fst|1050|-1|fr.emn.cacao.Pair|void
Vector.java|359|fieldAccess0|fst|1050|-1|fr.emn.cacao.Pair|void
Vector.java|359|fieldAccess0|snd|1050|-1|fr.emn.cacao.Pair|void
Vector.java|359|fieldAccess0|snd|1050|-1|fr.emn.cacao.Pair|void
Vector.java|359|methodExit0|equals|-1|1050|fr.emn.cacao.Pair|void
Finalizer.java|-1|finalizerEntry0|fr.emn.cacao.Pair|1050|-1|No comment|void
Finalizer.java|-1|finalizerExit0|fr.emn.cacao.Pair|1050|-1|No comment|void
CacaoSolver.java|62|methodExit0|isSupported|1007|1004|fr.emn.cacao.Value|1
CacaoSolver.java|62|methodEntry0|isSupported|1007|1005|fr.emn.cacao.Value|void
CacaoSolver.java|107|constructorEntry0|fr.emn.cacao.Pair|1051|-1|No comment|void
CacaoSolver.java|107|fieldModification0|fst|1051|1008|fr.emn.cacao.Pair|fr.emn.cacao.Value
CacaoSolver.java|107|fieldModification0|snd|1051|1005|fr.emn.cacao.Pair|fr.emn.cacao.Value
CacaoSolver.java|107|constructorExit0|fr.emn.cacao.Pair|1051|-1|No comment|void
Vector.java|359|methodEntry0|equals|-1|1051|fr.emn.cacao.Pair|void
Vector.java|359|fieldAccess0|fst|1051|-1|fr.emn.cacao.Pair|void
Vector.java|359|fieldAccess0|fst|1051|-1|fr.emn.cacao.Pair|void
Vector.java|359|fieldAccess0|snd|1051|-1|fr.emn.cacao.Pair|void
Vector.java|359|fieldAccess0|snd|1051|-1|fr.emn.cacao.Pair|void
Vector.java|359|methodExit0|equals|-1|1051|fr.emn.cacao.Pair|com.sun.tools.jdi.ObjectReferenceImpl@-1
Finalizer.java|-1|finalizerEntry0|fr.emn.cacao.Pair|1051|-1|No comment|void
Finalizer.java|-1|finalizerExit0|fr.emn.cacao.Pair|1051|-1|No comment|void
CacaoSolver.java|62|methodExit0|isSupported|1007|1005|fr.emn.cacao.Value|1
CacaoSolver.java|103|constructorEntry0|fr.emn.cacao.Pair|1055|-1|No comment|void
CacaoSolver.java|103|fieldModification0|fst|1055|1000|fr.emn.cacao.Pair|fr.emn.cacao.Value
CacaoSolver.java|103|fieldModification0|snd|1055|1000|fr.emn.cacao.Pair|fr.emn.cacao.Value
CacaoSolver.java|103|constructorExit0|fr.emn.cacao.Pair|1055|-1|No comment|void
CacaoSolver.java|62|methodEntry0|isSupported|1003|1000|fr.emn.cacao.Value|void
CacaoSolver.java|107|constructorEntry0|fr.emn.cacao.Pair|1057|-1|No comment|void
CacaoSolver.java|107|fieldModification0|fst|1057|1000|fr.emn.cacao.Pair|fr.emn.cacao.Value
CacaoSolver.java|107|fieldModification0|snd|1057|1000|fr.emn.cacao.Pair|fr.emn.cacao.Value
CacaoSolver.java|107|constructorExit0|fr.emn.cacao.Pair|1057|-1|No comment|void
Vector.java|359|methodEntry0|equals|-1|1057|fr.emn.cacao.Pair|void
Vector.java|359|fieldAccess0|fst|1057|-1|fr.emn.cacao.Pair|void
Vector.java|359|fieldAccess0|fst|1057|-1|fr.emn.cacao.Pair|void
Vector.java|359|fieldAccess0|snd|1057|-1|fr.emn.cacao.Pair|void
Vector.java|359|fieldAccess0|snd|1057|-1|fr.emn.cacao.Pair|void
Vector.java|359|methodExit0|equals|-1|1057|fr.emn.cacao.Pair|com.sun.tools.jdi.ObjectReferenceImpl@-1
Finalizer.java|-1|finalizerEntry0|fr.emn.cacao.Pair|1057|-1|No comment|void
Finalizer.java|-1|finalizerExit0|fr.emn.cacao.Pair|1057|-1|No comment|void
CacaoSolver.java|62|methodExit0|isSupported|1003|1000|fr.emn.cacao.Value|1
CacaoSolver.java|62|methodEntry0|isSupported|1003|1001|fr.emn.cacao.Value|void
CacaoSolver.java|107|constructorEntry0|fr.emn.cacao.Pair|1058|-1|No comment|void
CacaoSolver.java|107|fieldModification0|fst|1058|1001|fr.emn.cacao.Pair|fr.emn.cacao.Value
CacaoSolver.java|107|fieldModification0|snd|1058|1000|fr.emn.cacao.Pair|fr.emn.cacao.Value
CacaoSolver.java|107|constructorExit0|fr.emn.cacao.Pair|1058|-1|No comment|void
Vector.java|359|methodEntry0|equals|-1|1058|fr.emn.cacao.Pair|void
Vector.java|359|fieldAccess0|fst|1058|-1|fr.emn.cacao.Pair|void
Vector.java|359|fieldAccess0|fst|1058|-1|fr.emn.cacao.Pair|void
Vector.java|359|methodExit0|equals|-1|1058|fr.emn.cacao.Pair|0
Finalizer.java|-1|finalizerEntry0|fr.emn.cacao.Pair|1058|-1|No comment|void
Finalizer.java|-1|finalizerExit0|fr.emn.cacao.Pair|1058|-1|No comment|void
CacaoSolver.java|107|constructorEntry0|fr.emn.cacao.Pair|1059|-1|No comment|void
CacaoSolver.java|107|fieldModification0|fst|1059|1001|fr.emn.cacao.Pair|fr.emn.cacao.Value
CacaoSolver.java|107|fieldModification0|snd|1059|1001|fr.emn.cacao.Pair|fr.emn.cacao.Value
CacaoSolver.java|107|constructorExit0|fr.emn.cacao.Pair|1059|-1|No comment|void
Vector.java|359|methodEntry0|equals|-1|1059|fr.emn.cacao.Pair|void
Vector.java|359|fieldAccess0|fst|1059|-1|fr.emn.cacao.Pair|void
Vector.java|359|fieldAccess0|fst|1059|-1|fr.emn.cacao.Pair|void
Vector.java|359|methodExit0|equals|-1|1059|fr.emn.cacao.Pair|0
Finalizer.java|-1|finalizerEntry0|fr.emn.cacao.Pair|1059|-1|No comment|void
Finalizer.java|-1|finalizerExit0|fr.emn.cacao.Pair|1059|-1|No comment|void
CacaoSolver.java|62|methodExit0|isSupported|1003|1001|fr.emn.cacao.Value|0
CacaoSolver.java|62|methodEntry0|isSupported|1003|1000|fr.emn.cacao.Value|void
CacaoSolver.java|107|constructorEntry0|fr.emn.cacao.Pair|1062|-1|No comment|void
CacaoSolver.java|107|fieldModification0|fst|1062|1000|fr.emn.cacao.Pair|fr.emn.cacao.Value
CacaoSolver.java|107|fieldModification0|snd|1062|1004|fr.emn.cacao.Pair|fr.emn.cacao.Value
CacaoSolver.java|107|constructorExit0|fr.emn.cacao.Pair|1062|-1|No comment|void
Vector.java|359|methodEntry0|equals|-1|1062|fr.emn.cacao.Pair|void
Vector.java|359|fieldAccess0|fst|1062|-1|fr.emn.cacao.Pair|void
Vector.java|359|fieldAccess0|fst|1062|-1|fr.emn.cacao.Pair|void
Vector.java|359|fieldAccess0|snd|1062|-1|fr.emn.cacao.Pair|void
Vector.java|359|fieldAccess0|snd|1062|-1|fr.emn.cacao.Pair|void
Vector.java|359|methodExit0|equals|-1|1062|fr.emn.cacao.Pair|0
Vector.java|359|methodEntry0|equals|-1|1062|fr.emn.cacao.Pair|void
Vector.java|359|fieldAccess0|fst|1062|-1|fr.emn.cacao.Pair|void
Vector.java|359|fieldAccess0|fst|1062|-1|fr.emn.cacao.Pair|void
Vector.java|359|methodExit0|equals|-1|1062|fr.emn.cacao.Pair|0
Finalizer.java|-1|finalizerEntry0|fr.emn.cacao.Pair|1062|-1|No comment|void
Finalizer.java|-1|finalizerExit0|fr.emn.cacao.Pair|1062|-1|No comment|void
CacaoSolver.java|107|constructorEntry0|fr.emn.cacao.Pair|1063|-1|No comment|void
CacaoSolver.java|107|fieldModification0|fst|1063|1000|fr.emn.cacao.Pair|fr.emn.cacao.Value
CacaoSolver.java|107|fieldModification0|snd|1063|1005|fr.emn.cacao.Pair|fr.emn.cacao.Value
CacaoSolver.java|107|constructorExit0|fr.emn.cacao.Pair|1063|-1|No comment|void
Vector.java|359|methodEntry0|equals|-1|1063|fr.emn.cacao.Pair|void
Vector.java|359|fieldAccess0|fst|1063|-1|fr.emn.cacao.Pair|void
Vector.java|359|fieldAccess0|fst|1063|-1|fr.emn.cacao.Pair|void
Vector.java|359|fieldAccess0|snd|1063|-1|fr.emn.cacao.Pair|void
Vector.java|359|fieldAccess0|snd|1063|-1|fr.emn.cacao.Pair|void
Vector.java|359|methodExit0|equals|-1|1063|fr.emn.cacao.Pair|0
Finalizer.java|-1|finalizerEntry0|fr.emn.cacao.Pair|1063|-1|No comment|void
Finalizer.java|-1|finalizerExit0|fr.emn.cacao.Pair|1063|-1|No comment|void
CacaoSolver.java|62|methodExit0|isSupported|1003|1000|fr.emn.cacao.Value|1
CacaoSolver.java|62|methodEntry0|isSupported|1007|1004|fr.emn.cacao.Value|void
CacaoSolver.java|107|constructorEntry0|fr.emn.cacao.Pair|1064|-1|No comment|void
CacaoSolver.java|107|fieldModification0|fst|1064|1000|fr.emn.cacao.Pair|fr.emn.cacao.Value
CacaoSolver.java|107|fieldModification0|snd|1064|1004|fr.emn.cacao.Pair|fr.emn.cacao.Value
CacaoSolver.java|107|constructorExit0|fr.emn.cacao.Pair|1064|-1|No comment|void
Vector.java|359|methodEntry0|equals|-1|1064|fr.emn.cacao.Pair|void
Vector.java|359|fieldAccess0|fst|1064|-1|fr.emn.cacao.Pair|void
Vector.java|359|fieldAccess0|fst|1064|-1|fr.emn.cacao.Pair|void
Vector.java|359|fieldAccess0|snd|1064|-1|fr.emn.cacao.Pair|void
Vector.java|359|fieldAccess0|snd|1064|-1|fr.emn.cacao.Pair|void
Vector.java|359|methodExit0|equals|-1|1064|fr.emn.cacao.Pair|0
Vector.java|359|methodEntry0|equals|-1|1064|fr.emn.cacao.Pair|void
Vector.java|359|fieldAccess0|fst|1064|-1|fr.emn.cacao.Pair|void
Vector.java|359|fieldAccess0|fst|1064|-1|fr.emn.cacao.Pair|void
Vector.java|359|methodExit0|equals|-1|1064|fr.emn.cacao.Pair|0
Finalizer.java|-1|finalizerEntry0|fr.emn.cacao.Pair|1064|-1|No comment|void
Finalizer.java|-1|finalizerExit0|fr.emn.cacao.Pair|1064|-1|No comment|void
CacaoSolver.java|62|methodExit0|isSupported|1007|1004|fr.emn.cacao.Value|0
CacaoSolver.java|62|methodEntry0|isSupported|1003|1000|fr.emn.cacao.Value|void
CacaoSolver.java|107|constructorEntry0|fr.emn.cacao.Pair|1067|-1|No comment|void
CacaoSolver.java|107|fieldModification0|fst|1067|1000|fr.emn.cacao.Pair|fr.emn.cacao.Value
CacaoSolver.java|107|fieldModification0|snd|1067|1008|fr.emn.cacao.Pair|fr.emn.cacao.Value
CacaoSolver.java|107|constructorExit0|fr.emn.cacao.Pair|1067|-1|No comment|void
Vector.java|359|methodEntry0|equals|-1|1067|fr.emn.cacao.Pair|void
Vector.java|359|fieldAccess0|fst|1067|-1|fr.emn.cacao.Pair|void
Vector.java|359|fieldAccess0|fst|1067|-1|fr.emn.cacao.Pair|void
Vector.java|359|fieldAccess0|snd|1067|-1|fr.emn.cacao.Pair|void
Vector.java|359|fieldAccess0|snd|1067|-1|fr.emn.cacao.Pair|void
Vector.java|359|methodExit0|equals|-1|1067|fr.emn.cacao.Pair|0
Vector.java|359|methodEntry0|equals|-1|1067|fr.emn.cacao.Pair|void
Vector.java|359|fieldAccess0|fst|1067|-1|fr.emn.cacao.Pair|void
Vector.java|359|fieldAccess0|fst|1067|-1|fr.emn.cacao.Pair|void
Vector.java|359|methodExit0|equals|-1|1067|fr.emn.cacao.Pair|0
Finalizer.java|-1|finalizerEntry0|fr.emn.cacao.Pair|1067|-1|No comment|void
Finalizer.java|-1|finalizerExit0|fr.emn.cacao.Pair|1067|-1|No comment|void
CacaoSolver.java|107|constructorEntry0|fr.emn.cacao.Pair|1068|-1|No comment|void
CacaoSolver.java|107|fieldModification0|fst|1068|1000|fr.emn.cacao.Pair|fr.emn.cacao.Value
CacaoSolver.java|107|fieldModification0|snd|1068|1009|fr.emn.cacao.Pair|fr.emn.cacao.Value
CacaoSolver.java|107|constructorExit0|fr.emn.cacao.Pair|1068|-1|No comment|void
Vector.java|359|methodEntry0|equals|-1|1068|fr.emn.cacao.Pair|void
Vector.java|359|fieldAccess0|fst|1068|-1|fr.emn.cacao.Pair|void
Vector.java|359|fieldAccess0|fst|1068|-1|fr.emn.cacao.Pair|void
Vector.java|359|fieldAccess0|snd|1068|-1|fr.emn.cacao.Pair|void
Vector.java|359|fieldAccess0|snd|1068|-1|fr.emn.cacao.Pair|void
Vector.java|359|methodExit0|equals|-1|1068|fr.emn.cacao.Pair|0
Finalizer.java|-1|finalizerEntry0|fr.emn.cacao.Pair|1068|-1|No comment|void
Finalizer.java|-1|finalizerExit0|fr.emn.cacao.Pair|1068|-1|No comment|void
CacaoSolver.java|62|methodExit0|isSupported|1003|1000|fr.emn.cacao.Value|1
CacaoSolver.java|62|methodEntry0|isSupported|1011|1008|fr.emn.cacao.Value|void
CacaoSolver.java|107|constructorEntry0|fr.emn.cacao.Pair|1069|-1|No comment|void
CacaoSolver.java|107|fieldModification0|fst|1069|1000|fr.emn.cacao.Pair|fr.emn.cacao.Value
CacaoSolver.java|107|fieldModification0|snd|1069|1008|fr.emn.cacao.Pair|fr.emn.cacao.Value
CacaoSolver.java|107|constructorExit0|fr.emn.cacao.Pair|1069|-1|No comment|void
Vector.java|359|methodEntry0|equals|-1|1069|fr.emn.cacao.Pair|void
Vector.java|359|fieldAccess0|fst|1069|-1|fr.emn.cacao.Pair|void
Vector.java|359|fieldAccess0|fst|1069|-1|fr.emn.cacao.Pair|void
Vector.java|359|fieldAccess0|snd|1069|-1|fr.emn.cacao.Pair|void
Vector.java|359|fieldAccess0|snd|1069|-1|fr.emn.cacao.Pair|void
Vector.java|359|methodExit0|equals|-1|1069|fr.emn.cacao.Pair|0
Vector.java|359|methodEntry0|equals|-1|1069|fr.emn.cacao.Pair|void
Vector.java|359|fieldAccess0|fst|1069|-1|fr.emn.cacao.Pair|void
Vector.java|359|fieldAccess0|fst|1069|-1|fr.emn.cacao.Pair|void
Vector.java|359|methodExit0|equals|-1|1069|fr.emn.cacao.Pair|0
Finalizer.java|-1|finalizerEntry0|fr.emn.cacao.Pair|1069|-1|No comment|void
Finalizer.java|-1|finalizerExit0|fr.emn.cacao.Pair|1069|-1|No comment|void
CacaoSolver.java|62|methodExit0|isSupported|1011|1008|fr.emn.cacao.Value|0
CacaoSolver.java|62|methodEntry0|isSupported|1003|1000|fr.emn.cacao.Value|void
CacaoSolver.java|107|constructorEntry0|fr.emn.cacao.Pair|1072|-1|No comment|void
CacaoSolver.java|107|fieldModification0|fst|1072|1000|fr.emn.cacao.Pair|fr.emn.cacao.Value
CacaoSolver.java|107|fieldModification0|snd|1072|1000|fr.emn.cacao.Pair|fr.emn.cacao.Value
CacaoSolver.java|107|constructorExit0|fr.emn.cacao.Pair|1072|-1|No comment|void
Vector.java|359|methodEntry0|equals|-1|1072|fr.emn.cacao.Pair|void
Vector.java|359|fieldAccess0|fst|1072|-1|fr.emn.cacao.Pair|void
Vector.java|359|fieldAccess0|fst|1072|-1|fr.emn.cacao.Pair|void
Vector.java|359|fieldAccess0|snd|1072|-1|fr.emn.cacao.Pair|void
Vector.java|359|fieldAccess0|snd|1072|-1|fr.emn.cacao.Pair|void
Vector.java|359|methodExit0|equals|-1|1072|fr.emn.cacao.Pair|com.sun.tools.jdi.ObjectReferenceImpl@-1
Finalizer.java|-1|finalizerEntry0|fr.emn.cacao.Pair|1072|-1|No comment|void
Finalizer.java|-1|finalizerExit0|fr.emn.cacao.Pair|1072|-1|No comment|void
CacaoSolver.java|62|methodExit0|isSupported|1003|1000|fr.emn.cacao.Value|1
CacaoSolver.java|62|methodEntry0|isSupported|1003|1000|fr.emn.cacao.Value|void
CacaoSolver.java|107|constructorEntry0|fr.emn.cacao.Pair|1073|-1|No comment|void
CacaoSolver.java|107|fieldModification0|fst|1073|1000|fr.emn.cacao.Pair|fr.emn.cacao.Value
CacaoSolver.java|107|fieldModification0|snd|1073|1005|fr.emn.cacao.Pair|fr.emn.cacao.Value
CacaoSolver.java|107|constructorExit0|fr.emn.cacao.Pair|1073|-1|No comment|void
Vector.java|359|methodEntry0|equals|-1|1073|fr.emn.cacao.Pair|void
Vector.java|359|fieldAccess0|fst|1073|-1|fr.emn.cacao.Pair|void
Vector.java|359|fieldAccess0|fst|1073|-1|fr.emn.cacao.Pair|void
Vector.java|359|fieldAccess0|snd|1073|-1|fr.emn.cacao.Pair|void
Vector.java|359|fieldAccess0|snd|1073|-1|fr.emn.cacao.Pair|void
Vector.java|359|methodExit0|equals|-1|1073|fr.emn.cacao.Pair|com.sun.tools.jdi.ObjectReferenceImpl@-1
Finalizer.java|-1|finalizerEntry0|fr.emn.cacao.Pair|1073|-1|No comment|void
Finalizer.java|-1|finalizerExit0|fr.emn.cacao.Pair|1073|-1|No comment|void
CacaoSolver.java|62|methodExit0|isSupported|1003|1000|fr.emn.cacao.Value|1
CacaoSolver.java|62|methodEntry0|isSupported|1007|1005|fr.emn.cacao.Value|void
CacaoSolver.java|107|constructorEntry0|fr.emn.cacao.Pair|1074|-1|No comment|void
CacaoSolver.java|107|fieldModification0|fst|1074|1000|fr.emn.cacao.Pair|fr.emn.cacao.Value
CacaoSolver.java|107|fieldModification0|snd|1074|1005|fr.emn.cacao.Pair|fr.emn.cacao.Value
CacaoSolver.java|107|constructorExit0|fr.emn.cacao.Pair|1074|-1|No comment|void
Vector.java|359|methodEntry0|equals|-1|1074|fr.emn.cacao.Pair|void
Vector.java|359|fieldAccess0|fst|1074|-1|fr.emn.cacao.Pair|void
Vector.java|359|fieldAccess0|fst|1074|-1|fr.emn.cacao.Pair|void
Vector.java|359|fieldAccess0|snd|1074|-1|fr.emn.cacao.Pair|void
Vector.java|359|fieldAccess0|snd|1074|-1|fr.emn.cacao.Pair|void
Vector.java|359|methodExit0|equals|-1|1074|fr.emn.cacao.Pair|com.sun.tools.jdi.ObjectReferenceImpl@-1
Finalizer.java|-1|finalizerEntry0|fr.emn.cacao.Pair|1074|-1|No comment|void
Finalizer.java|-1|finalizerExit0|fr.emn.cacao.Pair|1074|-1|No comment|void
CacaoSolver.java|62|methodExit0|isSupported|1007|1005|fr.emn.cacao.Value|1
CacaoSolver.java|62|methodEntry0|isSupported|1011|1009|fr.emn.cacao.Value|void
CacaoSolver.java|107|constructorEntry0|fr.emn.cacao.Pair|1075|-1|No comment|void
CacaoSolver.java|107|fieldModification0|fst|1075|1009|fr.emn.cacao.Pair|fr.emn.cacao.Value
CacaoSolver.java|107|fieldModification0|snd|1075|1005|fr.emn.cacao.Pair|fr.emn.cacao.Value
CacaoSolver.java|107|constructorExit0|fr.emn.cacao.Pair|1075|-1|No comment|void
Vector.java|359|methodEntry0|equals|-1|1075|fr.emn.cacao.Pair|void
Vector.java|359|fieldAccess0|fst|1075|-1|fr.emn.cacao.Pair|void
Vector.java|359|fieldAccess0|fst|1075|-1|fr.emn.cacao.Pair|void
Vector.java|359|methodExit0|equals|-1|1075|fr.emn.cacao.Pair|0
Vector.java|359|methodEntry0|equals|-1|1075|fr.emn.cacao.Pair|void
Vector.java|359|fieldAccess0|fst|1075|-1|fr.emn.cacao.Pair|void
Vector.java|359|fieldAccess0|fst|1075|-1|fr.emn.cacao.Pair|void
Vector.java|359|fieldAccess0|snd|1075|-1|fr.emn.cacao.Pair|void
Vector.java|359|fieldAccess0|snd|1075|-1|fr.emn.cacao.Pair|void
Vector.java|359|methodExit0|equals|-1|1075|fr.emn.cacao.Pair|0
Finalizer.java|-1|finalizerEntry0|fr.emn.cacao.Pair|1075|-1|No comment|void
Finalizer.java|-1|finalizerExit0|fr.emn.cacao.Pair|1075|-1|No comment|void
CacaoSolver.java|62|methodExit0|isSupported|1011|1009|fr.emn.cacao.Value|0
String.java|2173|methodEntry0|toString|-1|1000|fr.emn.cacao.Value|void
String.java|2173|methodExit0|toString|-1|1000|fr.emn.cacao.Value|"X1"
String.java|2173|methodEntry0|toString|-1|1005|fr.emn.cacao.Value|void
String.java|2173|methodExit0|toString|-1|1005|fr.emn.cacao.Value|"Y2"
String.java|2173|methodEntry0|toString|-1|1014|fr.emn.cacao.Pair|void
String.java|2173|fieldAccess0|fst|1014|-1|fr.emn.cacao.Pair|void
CacaoSolver.java|249|methodEntry0|toString|1014|1000|fr.emn.cacao.Value|void
CacaoSolver.java|249|methodExit0|toString|1014|1000|fr.emn.cacao.Value|"X1"
String.java|2173|fieldAccess0|snd|1014|-1|fr.emn.cacao.Pair|void
CacaoSolver.java|249|methodEntry0|toString|1014|1005|fr.emn.cacao.Value|void
CacaoSolver.java|249|methodExit0|toString|1014|1005|fr.emn.cacao.Value|"Y2"
String.java|2173|methodExit0|toString|-1|1014|fr.emn.cacao.Pair|"(X1,Y2)"
String.java|2173|methodEntry0|toString|-1|1015|fr.emn.cacao.Pair|void
String.java|2173|fieldAccess0|fst|1015|-1|fr.emn.cacao.Pair|void
CacaoSolver.java|249|methodEntry0|toString|1015|1001|fr.emn.cacao.Value|void
CacaoSolver.java|249|methodExit0|toString|1015|1001|fr.emn.cacao.Value|"X2"
String.java|2173|fieldAccess0|snd|1015|-1|fr.emn.cacao.Pair|void
CacaoSolver.java|249|methodEntry0|toString|1015|1004|fr.emn.cacao.Value|void
CacaoSolver.java|249|methodExit0|toString|1015|1004|fr.emn.cacao.Value|"Y1"
String.java|2173|methodExit0|toString|-1|1015|fr.emn.cacao.Pair|"(X2,Y1)"
String.java|2173|methodEntry0|toString|-1|1014|fr.emn.cacao.Pair|void
String.java|2173|fieldAccess0|fst|1014|-1|fr.emn.cacao.Pair|void
CacaoSolver.java|249|methodEntry0|toString|1014|1000|fr.emn.cacao.Value|void
CacaoSolver.java|249|methodExit0|toString|1014|1000|fr.emn.cacao.Value|"X1"
String.java|2173|fieldAccess0|snd|1014|-1|fr.emn.cacao.Pair|void
CacaoSolver.java|249|methodEntry0|toString|1014|1005|fr.emn.cacao.Value|void
CacaoSolver.java|249|methodExit0|toString|1014|1005|fr.emn.cacao.Value|"Y2"
String.java|2173|methodExit0|toString|-1|1014|fr.emn.cacao.Pair|"(X1,Y2)"
String.java|2173|methodEntry0|toString|-1|1015|fr.emn.cacao.Pair|void
String.java|2173|fieldAccess0|fst|1015|-1|fr.emn.cacao.Pair|void
CacaoSolver.java|249|methodEntry0|toString|1015|1001|fr.emn.cacao.Value|void
CacaoSolver.java|249|methodExit0|toString|1015|1001|fr.emn.cacao.Value|"X2"
String.java|2173|fieldAccess0|snd|1015|-1|fr.emn.cacao.Pair|void
CacaoSolver.java|249|methodEntry0|toString|1015|1004|fr.emn.cacao.Value|void
CacaoSolver.java|249|methodExit0|toString|1015|1004|fr.emn.cacao.Value|"Y1"
String.java|2173|methodExit0|toString|-1|1015|fr.emn.cacao.Pair|"(X2,Y1)"
String.java|2173|methodEntry0|toString|-1|1018|fr.emn.cacao.Pair|void
String.java|2173|fieldAccess0|fst|1018|-1|fr.emn.cacao.Pair|void
CacaoSolver.java|249|methodEntry0|toString|1018|1000|fr.emn.cacao.Value|void
CacaoSolver.java|249|methodExit0|toString|1018|1000|fr.emn.cacao.Value|"X1"
String.java|2173|fieldAccess0|snd|1018|-1|fr.emn.cacao.Pair|void
CacaoSolver.java|249|methodEntry0|toString|1018|1009|fr.emn.cacao.Value|void
CacaoSolver.java|249|methodExit0|toString|1018|1009|fr.emn.cacao.Value|"Z2"
String.java|2173|methodExit0|toString|-1|1018|fr.emn.cacao.Pair|"(X1,Z2)"
String.java|2173|methodEntry0|toString|-1|1019|fr.emn.cacao.Pair|void
String.java|2173|fieldAccess0|fst|1019|-1|fr.emn.cacao.Pair|void
CacaoSolver.java|249|methodEntry0|toString|1019|1001|fr.emn.cacao.Value|void
CacaoSolver.java|249|methodExit0|toString|1019|1001|fr.emn.cacao.Value|"X2"
String.java|2173|fieldAccess0|snd|1019|-1|fr.emn.cacao.Pair|void
CacaoSolver.java|249|methodEntry0|toString|1019|1008|fr.emn.cacao.Value|void
CacaoSolver.java|249|methodExit0|toString|1019|1008|fr.emn.cacao.Value|"Z1"
String.java|2173|methodExit0|toString|-1|1019|fr.emn.cacao.Pair|"(X2,Z1)"
String.java|2173|methodEntry0|toString|-1|1018|fr.emn.cacao.Pair|void
String.java|2173|fieldAccess0|fst|1018|-1|fr.emn.cacao.Pair|void
CacaoSolver.java|249|methodEntry0|toString|1018|1000|fr.emn.cacao.Value|void
CacaoSolver.java|249|methodExit0|toString|1018|1000|fr.emn.cacao.Value|"X1"
String.java|2173|fieldAccess0|snd|1018|-1|fr.emn.cacao.Pair|void
CacaoSolver.java|249|methodEntry0|toString|1018|1009|fr.emn.cacao.Value|void
CacaoSolver.java|249|methodExit0|toString|1018|1009|fr.emn.cacao.Value|"Z2"
String.java|2173|methodExit0|toString|-1|1018|fr.emn.cacao.Pair|"(X1,Z2)"
String.java|2173|methodEntry0|toString|-1|1019|fr.emn.cacao.Pair|void
String.java|2173|fieldAccess0|fst|1019|-1|fr.emn.cacao.Pair|void
CacaoSolver.java|249|methodEntry0|toString|1019|1001|fr.emn.cacao.Value|void
CacaoSolver.java|249|methodExit0|toString|1019|1001|fr.emn.cacao.Value|"X2"
String.java|2173|fieldAccess0|snd|1019|-1|fr.emn.cacao.Pair|void
CacaoSolver.java|249|methodEntry0|toString|1019|1008|fr.emn.cacao.Value|void
CacaoSolver.java|249|methodExit0|toString|1019|1008|fr.emn.cacao.Value|"Z1"
String.java|2173|methodExit0|toString|-1|1019|fr.emn.cacao.Pair|"(X2,Z1)"
String.java|2173|methodEntry0|toString|-1|1022|fr.emn.cacao.Pair|void
String.java|2173|fieldAccess0|fst|1022|-1|fr.emn.cacao.Pair|void
CacaoSolver.java|249|methodEntry0|toString|1022|1008|fr.emn.cacao.Value|void
CacaoSolver.java|249|methodExit0|toString|1022|1008|fr.emn.cacao.Value|"Z1"
String.java|2173|fieldAccess0|snd|1022|-1|fr.emn.cacao.Pair|void
CacaoSolver.java|249|methodEntry0|toString|1022|1005|fr.emn.cacao.Value|void
CacaoSolver.java|249|methodExit0|toString|1022|1005|fr.emn.cacao.Value|"Y2"
String.java|2173|methodExit0|toString|-1|1022|fr.emn.cacao.Pair|"(Z1,Y2)"
String.java|2173|methodEntry0|toString|-1|1023|fr.emn.cacao.Pair|void
String.java|2173|fieldAccess0|fst|1023|-1|fr.emn.cacao.Pair|void
CacaoSolver.java|249|methodEntry0|toString|1023|1009|fr.emn.cacao.Value|void
CacaoSolver.java|249|methodExit0|toString|1023|1009|fr.emn.cacao.Value|"Z2"
String.java|2173|fieldAccess0|snd|1023|-1|fr.emn.cacao.Pair|void
CacaoSolver.java|249|methodEntry0|toString|1023|1004|fr.emn.cacao.Value|void
CacaoSolver.java|249|methodExit0|toString|1023|1004|fr.emn.cacao.Value|"Y1"
String.java|2173|methodExit0|toString|-1|1023|fr.emn.cacao.Pair|"(Z2,Y1)"
String.java|2173|methodEntry0|toString|-1|1022|fr.emn.cacao.Pair|void
String.java|2173|fieldAccess0|fst|1022|-1|fr.emn.cacao.Pair|void
CacaoSolver.java|249|methodEntry0|toString|1022|1008|fr.emn.cacao.Value|void
CacaoSolver.java|249|methodExit0|toString|1022|1008|fr.emn.cacao.Value|"Z1"
String.java|2173|fieldAccess0|snd|1022|-1|fr.emn.cacao.Pair|void
CacaoSolver.java|249|methodEntry0|toString|1022|1005|fr.emn.cacao.Value|void
CacaoSolver.java|249|methodExit0|toString|1022|1005|fr.emn.cacao.Value|"Y2"
String.java|2173|methodExit0|toString|-1|1022|fr.emn.cacao.Pair|"(Z1,Y2)"
String.java|2173|methodEntry0|toString|-1|1023|fr.emn.cacao.Pair|void
String.java|2173|fieldAccess0|fst|1023|-1|fr.emn.cacao.Pair|void
CacaoSolver.java|249|methodEntry0|toString|1023|1009|fr.emn.cacao.Value|void
CacaoSolver.java|249|methodExit0|toString|1023|1009|fr.emn.cacao.Value|"Z2"
String.java|2173|fieldAccess0|snd|1023|-1|fr.emn.cacao.Pair|void
CacaoSolver.java|249|methodEntry0|toString|1023|1004|fr.emn.cacao.Value|void
CacaoSolver.java|249|methodExit0|toString|1023|1004|fr.emn.cacao.Value|"Y1"
String.java|2173|methodExit0|toString|-1|1023|fr.emn.cacao.Pair|"(Z2,Y1)"
String.java|2173|methodEntry0|toString|-1|1055|fr.emn.cacao.Pair|void
String.java|2173|fieldAccess0|fst|1055|-1|fr.emn.cacao.Pair|void
CacaoSolver.java|249|methodEntry0|toString|1055|1000|fr.emn.cacao.Value|void
CacaoSolver.java|249|methodExit0|toString|1055|1000|fr.emn.cacao.Value|"X1"
String.java|2173|fieldAccess0|snd|1055|-1|fr.emn.cacao.Pair|void
CacaoSolver.java|249|methodEntry0|toString|1055|1000|fr.emn.cacao.Value|void
CacaoSolver.java|249|methodExit0|toString|1055|1000|fr.emn.cacao.Value|"X1"
String.java|2173|methodExit0|toString|-1|1055|fr.emn.cacao.Pair|"(X1,X1)"
No source name|-1|programEnd0|programEnd0|-1|-1|main|void
Finalizer.java|-1|finalizerEntry0|fr.emn.cacao.Value|1000|-1|No comment|void
Finalizer.java|-1|finalizerExit0|fr.emn.cacao.Value|1000|-1|No comment|void
Finalizer.java|-1|finalizerEntry0|fr.emn.cacao.Value|1001|-1|No comment|void
Finalizer.java|-1|finalizerExit0|fr.emn.cacao.Value|1001|-1|No comment|void
Finalizer.java|-1|finalizerEntry0|fr.emn.cacao.Value|1004|-1|No comment|void
Finalizer.java|-1|finalizerExit0|fr.emn.cacao.Value|1004|-1|No comment|void
Finalizer.java|-1|finalizerEntry0|fr.emn.cacao.Value|1005|-1|No comment|void
Finalizer.java|-1|finalizerExit0|fr.emn.cacao.Value|1005|-1|No comment|void
Finalizer.java|-1|finalizerEntry0|fr.emn.cacao.Value|1008|-1|No comment|void
Finalizer.java|-1|finalizerExit0|fr.emn.cacao.Value|1008|-1|No comment|void
Finalizer.java|-1|finalizerEntry0|fr.emn.cacao.Value|1009|-1|No comment|void
Finalizer.java|-1|finalizerExit0|fr.emn.cacao.Value|1009|-1|No comment|void
Finalizer.java|-1|finalizerEntry0|fr.emn.cacao.Pair|1014|-1|No comment|void
Finalizer.java|-1|finalizerExit0|fr.emn.cacao.Pair|1014|-1|No comment|void
Finalizer.java|-1|finalizerEntry0|fr.emn.cacao.Pair|1015|-1|No comment|void
Finalizer.java|-1|finalizerExit0|fr.emn.cacao.Pair|1015|-1|No comment|void
Finalizer.java|-1|finalizerEntry0|fr.emn.cacao.Pair|1018|-1|No comment|void
Finalizer.java|-1|finalizerExit0|fr.emn.cacao.Pair|1018|-1|No comment|void
Finalizer.java|-1|finalizerEntry0|fr.emn.cacao.Pair|1019|-1|No comment|void
Finalizer.java|-1|finalizerExit0|fr.emn.cacao.Pair|1019|-1|No comment|void
Finalizer.java|-1|finalizerEntry0|fr.emn.cacao.Pair|1022|-1|No comment|void
Finalizer.java|-1|finalizerExit0|fr.emn.cacao.Pair|1022|-1|No comment|void
Finalizer.java|-1|finalizerEntry0|fr.emn.cacao.Pair|1023|-1|No comment|void
Finalizer.java|-1|finalizerExit0|fr.emn.cacao.Pair|1023|-1|No comment|void
Finalizer.java|-1|finalizerEntry0|fr.emn.cacao.Pair|1055|-1|No comment|void
Finalizer.java|-1|finalizerExit0|fr.emn.cacao.Pair|1055|-1|No comment|void
